::1 - - [02/Dec/2023:14:38:03 +0700] "GET / HTTP/1.1" 404 321
::1 - - [02/Dec/2023:14:38:03 +0700] "GET /favicon.ico HTTP/1.1" 404 321
::1 - - [02/Dec/2023:14:38:16 +0700] "GET / HTTP/1.1" 404 321
::1 - - [02/Dec/2023:14:40:35 +0700] "GET / HTTP/1.1" 404 321
::1 - - [02/Dec/2023:14:42:59 +0700] "GET / HTTP/1.1" 404 321
::1 - - [02/Dec/2023:14:43:00 +0700] "GET / HTTP/1.1" 404 321
::1 - - [02/Dec/2023:14:43:01 +0700] "GET / HTTP/1.1" 404 321
::1 - - [02/Dec/2023:14:43:01 +0700] "GET / HTTP/1.1" 404 321
::1 - - [02/Dec/2023:14:43:01 +0700] "GET / HTTP/1.1" 404 321
::1 - - [02/Dec/2023:14:43:01 +0700] "GET / HTTP/1.1" 404 321
::1 - - [02/Dec/2023:14:45:48 +0700] "GET / HTTP/1.1" 404 321
::1 - - [02/Dec/2023:14:46:00 +0700] "GET / HTTP/1.1" 404 321
::1 - - [02/Dec/2023:14:46:01 +0700] "GET / HTTP/1.1" 404 321
::1 - - [02/Dec/2023:14:46:01 +0700] "GET / HTTP/1.1" 404 321
::1 - - [02/Dec/2023:14:46:01 +0700] "GET / HTTP/1.1" 404 321
::1 - - [02/Dec/2023:14:46:01 +0700] "GET / HTTP/1.1" 404 321
::1 - - [02/Dec/2023:14:46:01 +0700] "GET / HTTP/1.1" 404 321
::1 - - [02/Dec/2023:14:46:03 +0700] "GET / HTTP/1.1" 404 321
::1 - - [02/Dec/2023:14:46:05 +0700] "GET /api HTTP/1.1" 404 321
::1 - - [02/Dec/2023:14:47:01 +0700] "GET /api HTTP/1.1" 500 658
::1 - - [02/Dec/2023:14:47:04 +0700] "GET / HTTP/1.1" 500 658
::1 - - [02/Dec/2023:14:47:13 +0700] "GET / HTTP/1.1" 404 321
::1 - - [02/Dec/2023:14:48:40 +0700] "GET / HTTP/1.1" 500 658
::1 - - [02/Dec/2023:14:48:40 +0700] "GET / HTTP/1.1" 500 658
::1 - - [02/Dec/2023:14:48:44 +0700] "GET / HTTP/1.1" 500 658
::1 - - [02/Dec/2023:14:48:44 +0700] "GET / HTTP/1.1" 500 658
::1 - - [02/Dec/2023:14:48:57 +0700] "GET / HTTP/1.1" 500 658
::1 - - [02/Dec/2023:14:49:27 +0700] "GET / HTTP/1.1" 500 658
::1 - - [02/Dec/2023:14:49:27 +0700] "GET / HTTP/1.1" 500 658
::1 - - [02/Dec/2023:14:49:28 +0700] "GET / HTTP/1.1" 500 658
::1 - - [02/Dec/2023:14:49:28 +0700] "GET / HTTP/1.1" 500 658
::1 - - [02/Dec/2023:14:49:28 +0700] "GET / HTTP/1.1" 500 658
::1 - - [02/Dec/2023:14:49:28 +0700] "GET / HTTP/1.1" 500 658
::1 - - [02/Dec/2023:14:49:39 +0700] "GET / HTTP/1.1" 500 658
127.0.0.1 - - [02/Dec/2023:14:49:40 +0700] "GET / HTTP/1.1" 500 658
::1 - - [02/Dec/2023:15:10:44 +0700] "GET / HTTP/1.1" 500 658
::1 - - [02/Dec/2023:15:10:45 +0700] "GET / HTTP/1.1" 500 658
::1 - - [02/Dec/2023:15:10:45 +0700] "GET / HTTP/1.1" 500 658
::1 - - [02/Dec/2023:15:10:45 +0700] "GET / HTTP/1.1" 500 658
::1 - - [02/Dec/2023:15:10:45 +0700] "GET / HTTP/1.1" 500 658
::1 - - [02/Dec/2023:15:11:04 +0700] "GET / HTTP/1.1" 500 658
::1 - - [02/Dec/2023:15:11:25 +0700] "GET / HTTP/1.1" 500 658
::1 - - [02/Dec/2023:15:11:28 +0700] "GET / HTTP/1.1" 500 658
::1 - - [02/Dec/2023:15:11:58 +0700] "GET / HTTP/1.1" 500 658
::1 - - [02/Dec/2023:15:12:08 +0700] "GET / HTTP/1.1" 500 658
::1 - - [02/Dec/2023:15:12:50 +0700] "GET / HTTP/1.1" 500 658
::1 - - [02/Dec/2023:15:13:56 +0700] "GET / HTTP/1.1" 500 658
::1 - - [02/Dec/2023:15:14:13 +0700] "GET / HTTP/1.1" 500 658
::1 - - [02/Dec/2023:15:14:26 +0700] "GET / HTTP/1.1" 500 658
::1 - - [02/Dec/2023:15:14:27 +0700] "GET / HTTP/1.1" 500 658
::1 - - [02/Dec/2023:15:14:27 +0700] "GET / HTTP/1.1" 500 658
::1 - - [02/Dec/2023:15:14:44 +0700] "GET / HTTP/1.1" 500 658
::1 - - [02/Dec/2023:15:16:26 +0700] "GET / HTTP/1.1" 500 658
::1 - - [02/Dec/2023:15:16:26 +0700] "GET / HTTP/1.1" 500 658
::1 - - [02/Dec/2023:15:16:27 +0700] "GET / HTTP/1.1" 500 658
::1 - - [02/Dec/2023:15:16:27 +0700] "GET / HTTP/1.1" 500 658
::1 - - [02/Dec/2023:15:16:47 +0700] "GET / HTTP/1.1" 500 658
::1 - - [02/Dec/2023:15:17:23 +0700] "GET / HTTP/1.1" 500 658
::1 - - [02/Dec/2023:15:20:43 +0700] "GET / HTTP/1.1" 500 658
::1 - - [02/Dec/2023:15:34:06 +0700] "GET / HTTP/1.1" 500 658
::1 - - [02/Dec/2023:15:34:21 +0700] "GET / HTTP/1.1" 500 658
::1 - - [02/Dec/2023:15:34:23 +0700] "GET / HTTP/1.1" 500 658
::1 - - [02/Dec/2023:15:36:22 +0700] "GET / HTTP/1.1" 500 658
::1 - - [02/Dec/2023:15:44:16 +0700] "GET / HTTP/1.1" 500 658
::1 - - [02/Dec/2023:15:44:48 +0700] "GET / HTTP/1.1" 500 658
::1 - - [02/Dec/2023:15:45:14 +0700] "GET / HTTP/1.1" 500 658
::1 - - [02/Dec/2023:16:01:13 +0700] "GET / HTTP/1.1" 500 658
::1 - - [02/Dec/2023:16:01:36 +0700] "GET /favicon.ico HTTP/1.1" 500 658
::1 - - [02/Dec/2023:16:05:05 +0700] "GET / HTTP/1.1" 500 658
::1 - - [02/Dec/2023:16:05:10 +0700] "GET /favicon.ico HTTP/1.1" 500 658
::1 - - [02/Dec/2023:16:18:17 +0700] "GET / HTTP/1.1" 500 658
::1 - - [02/Dec/2023:16:18:17 +0700] "GET /favicon.ico HTTP/1.1" 500 658
::1 - - [02/Dec/2023:16:28:59 +0700] "GET / HTTP/1.1" 500 658
::1 - - [02/Dec/2023:16:28:59 +0700] "GET /favicon.ico HTTP/1.1" 500 658
::1 - - [02/Dec/2023:16:39:09 +0700] "GET / HTTP/1.1" 500 658
::1 - - [02/Dec/2023:16:39:10 +0700] "GET /favicon.ico HTTP/1.1" 500 658
::1 - - [02/Dec/2023:16:39:28 +0700] "GET / HTTP/1.1" 500 658
::1 - - [02/Dec/2023:16:39:28 +0700] "GET /favicon.ico HTTP/1.1" 500 658
::1 - - [02/Dec/2023:16:40:06 +0700] "GET / HTTP/1.1" 500 658
::1 - - [02/Dec/2023:16:40:06 +0700] "GET /favicon.ico HTTP/1.1" 500 658
::1 - - [02/Dec/2023:16:45:12 +0700] "GET / HTTP/1.1" 500 658
::1 - - [02/Dec/2023:16:46:07 +0700] "GET /favicon.ico HTTP/1.1" 500 658
::1 - - [02/Dec/2023:16:47:59 +0700] "GET / HTTP/1.1" 500 658
::1 - - [02/Dec/2023:16:48:01 +0700] "GET /favicon.ico HTTP/1.1" 500 658
::1 - - [02/Dec/2023:16:51:11 +0700] "GET / HTTP/1.1" 500 658
::1 - - [02/Dec/2023:16:51:13 +0700] "GET /favicon.ico HTTP/1.1" 500 658
::1 - - [02/Dec/2023:16:51:55 +0700] "GET / HTTP/1.1" 500 658
::1 - - [02/Dec/2023:16:51:57 +0700] "GET /favicon.ico HTTP/1.1" 500 658
::1 - - [03/Dec/2023:09:52:16 +0700] "GET / HTTP/1.1" 500 659
::1 - - [03/Dec/2023:09:52:45 +0700] "GET /favicon.ico HTTP/1.1" 500 659
::1 - - [03/Dec/2023:09:54:09 +0700] "GET / HTTP/1.1" 500 659
::1 - - [03/Dec/2023:09:54:11 +0700] "GET /favicon.ico HTTP/1.1" 500 659
::1 - - [03/Dec/2023:09:54:44 +0700] "GET / HTTP/1.1" 200 3644
::1 - - [03/Dec/2023:09:54:49 +0700] "GET /favicon.ico HTTP/1.1" 404 207
::1 - - [03/Dec/2023:09:56:28 +0700] "GET /api/v1.0/overall_ranking/similarity?keyword=duit&sort=similarity&start=0&length=100 HTTP/1.1" 200 7402
::1 - - [03/Dec/2023:09:56:35 +0700] "GET /api/v1.0/overall_ranking/similarity?keyword=duit&sort=similarity&start=0&length=100 HTTP/1.1" 200 7402
::1 - - [03/Dec/2023:12:14:11 +0700] "GET / HTTP/1.1" 200 3644
::1 - - [03/Dec/2023:12:14:48 +0700] "GET /api/v1.0/overall_ranking/similarity?keyword=duit&sort=similarity&start=0&length=100 HTTP/1.1" 200 7402
::1 - - [03/Dec/2023:12:27:06 +0700] "GET /search_engine HTTP/1.1" 404 207
::1 - - [03/Dec/2023:12:35:14 +0700] "GET / HTTP/1.1" 200 3644
::1 - - [03/Dec/2023:12:35:15 +0700] "GET / HTTP/1.1" 200 3644
::1 - - [03/Dec/2023:12:35:15 +0700] "GET / HTTP/1.1" 200 3644
::1 - - [03/Dec/2023:12:35:15 +0700] "GET / HTTP/1.1" 200 3644
::1 - - [03/Dec/2023:12:35:16 +0700] "GET / HTTP/1.1" 200 3644
::1 - - [03/Dec/2023:12:35:28 +0700] "GET / HTTP/1.1" 200 61
::1 - - [03/Dec/2023:12:36:48 +0700] "GET / HTTP/1.1" 200 61
::1 - - [03/Dec/2023:12:36:50 +0700] "GET / HTTP/1.1" 200 61
::1 - - [03/Dec/2023:12:36:56 +0700] "GET / HTTP/1.1" 200 22
::1 - - [03/Dec/2023:12:37:39 +0700] "GET / HTTP/1.1" 200 22
::1 - - [03/Dec/2023:12:37:39 +0700] "GET / HTTP/1.1" 200 22
127.0.0.1 - - [03/Dec/2023:12:37:54 +0700] "GET / HTTP/1.1" 200 22
::1 - - [03/Dec/2023:12:39:40 +0700] "GET / HTTP/1.1" 200 54
::1 - - [03/Dec/2023:12:40:40 +0700] "GET / HTTP/1.1" 200 79
::1 - - [03/Dec/2023:12:42:00 +0700] "GET / HTTP/1.1" 200 24
::1 - - [03/Dec/2023:12:42:18 +0700] "GET / HTTP/1.1" 200 57
::1 - - [03/Dec/2023:12:42:39 +0700] "GET / HTTP/1.1" 500 265
::1 - - [03/Dec/2023:12:43:35 +0700] "GET / HTTP/1.1" 200 13
::1 - - [03/Dec/2023:12:46:02 +0700] "GET / HTTP/1.1" 200 65
::1 - - [03/Dec/2023:12:46:45 +0700] "GET / HTTP/1.1" 404 207
::1 - - [03/Dec/2023:12:47:24 +0700] "GET / HTTP/1.1" 200 8
::1 - - [03/Dec/2023:12:48:15 +0700] "GET / HTTP/1.1" 500 265
::1 - - [03/Dec/2023:12:49:38 +0700] "GET / HTTP/1.1" 200 65
::1 - - [03/Dec/2023:12:50:18 +0700] "GET / HTTP/1.1" 200 61
::1 - - [03/Dec/2023:12:50:43 +0700] "GET / HTTP/1.1" 200 423
::1 - - [03/Dec/2023:12:50:46 +0700] "GET /assets/index-d7f3e1c2.js HTTP/1.1" 200 423
::1 - - [03/Dec/2023:12:50:46 +0700] "GET /assets/index-f1431c9b.css HTTP/1.1" 200 423
::1 - - [03/Dec/2023:12:50:51 +0700] "GET /assets/index-f1431c9b.css HTTP/1.1" 304 -
::1 - - [03/Dec/2023:12:50:53 +0700] "GET / HTTP/1.1" 304 -
::1 - - [03/Dec/2023:12:50:53 +0700] "GET /assets/index-f1431c9b.css HTTP/1.1" 304 -
::1 - - [03/Dec/2023:12:50:53 +0700] "GET /assets/index-d7f3e1c2.js HTTP/1.1" 304 -
::1 - - [03/Dec/2023:12:52:32 +0700] "GET / HTTP/1.1" 304 -
::1 - - [03/Dec/2023:12:52:35 +0700] "GET /assets/index-d7f3e1c2.js HTTP/1.1" 304 -
::1 - - [03/Dec/2023:12:52:35 +0700] "GET /assets/index-f1431c9b.css HTTP/1.1" 304 -
::1 - - [03/Dec/2023:12:52:56 +0700] "GET / HTTP/1.1" 304 -
::1 - - [03/Dec/2023:12:52:59 +0700] "GET /assets/index-d7f3e1c2.js HTTP/1.1" 404 207
::1 - - [03/Dec/2023:12:52:59 +0700] "GET /assets/index-f1431c9b.css HTTP/1.1" 404 207
::1 - - [03/Dec/2023:12:53:38 +0700] "GET / HTTP/1.1" 304 -
::1 - - [03/Dec/2023:12:53:40 +0700] "GET /assets/index-d7f3e1c2.js HTTP/1.1" 404 207
::1 - - [03/Dec/2023:12:53:40 +0700] "GET /assets/index-f1431c9b.css HTTP/1.1" 404 207
::1 - - [03/Dec/2023:12:54:24 +0700] "GET /assets HTTP/1.1" 200 9
::1 - - [03/Dec/2023:12:54:21 +0700] "GET / HTTP/1.1" 304 -
::1 - - [03/Dec/2023:12:54:28 +0700] "GET /assets/index-f1431c9b.css HTTP/1.1" 404 207
::1 - - [03/Dec/2023:12:54:29 +0700] "GET / HTTP/1.1" 200 423
::1 - - [03/Dec/2023:12:54:29 +0700] "GET /assets/index-d7f3e1c2.js HTTP/1.1" 404 207
::1 - - [03/Dec/2023:12:54:29 +0700] "GET /assets/index-f1431c9b.css HTTP/1.1" 404 207
::1 - - [03/Dec/2023:12:54:43 +0700] "GET / HTTP/1.1" 304 -
::1 - - [03/Dec/2023:12:54:46 +0700] "GET /assets/index-d7f3e1c2.js HTTP/1.1" 404 207
::1 - - [03/Dec/2023:12:54:46 +0700] "GET /assets/index-f1431c9b.css HTTP/1.1" 404 207
::1 - - [03/Dec/2023:12:56:00 +0700] "GET / HTTP/1.1" 304 -
::1 - - [03/Dec/2023:12:56:03 +0700] "GET /assets/index-f1431c9b.css HTTP/1.1" 500 265
::1 - - [03/Dec/2023:12:56:03 +0700] "GET /assets/index-d7f3e1c2.js HTTP/1.1" 500 265
::1 - - [03/Dec/2023:12:56:22 +0700] "GET / HTTP/1.1" 304 -
::1 - - [03/Dec/2023:12:56:25 +0700] "GET /assets/index-d7f3e1c2.js HTTP/1.1" 200 17
::1 - - [03/Dec/2023:12:56:25 +0700] "GET /assets/index-f1431c9b.css HTTP/1.1" 200 18
::1 - - [03/Dec/2023:12:56:57 +0700] "GET / HTTP/1.1" 304 -
::1 - - [03/Dec/2023:12:57:00 +0700] "GET /assets/index-f1431c9b.css HTTP/1.1" 200 19038
::1 - - [03/Dec/2023:12:57:00 +0700] "GET /assets/index-d7f3e1c2.js HTTP/1.1" 200 1567331
::1 - - [05/Dec/2023:12:58:44 +0700] "GET / HTTP/1.1" 200 423
::1 - - [05/Dec/2023:12:59:40 +0700] "GET /assets/index-f1431c9b.css HTTP/1.1" 200 19038
::1 - - [05/Dec/2023:12:59:40 +0700] "GET /assets/index-25addf88.js HTTP/1.1" 200 1566901
::1 - - [05/Dec/2023:12:59:40 +0700] "GET /assets/one-search-engine-34d098c4.png HTTP/1.1" 200 39353
::1 - - [05/Dec/2023:12:59:41 +0700] "GET /favicon.ico HTTP/1.1" 404 207
::1 - - [05/Dec/2023:13:00:58 +0700] "GET /assets/index-f1431c9b.css HTTP/1.1" 304 -
::1 - - [05/Dec/2023:13:01:00 +0700] "GET / HTTP/1.1" 304 -
::1 - - [05/Dec/2023:13:01:00 +0700] "GET /assets/index-25addf88.js HTTP/1.1" 304 -
::1 - - [05/Dec/2023:13:01:00 +0700] "GET /assets/index-f1431c9b.css HTTP/1.1" 304 -
::1 - - [05/Dec/2023:13:01:00 +0700] "GET /assets/one-search-engine-34d098c4.png HTTP/1.1" 304 -
::1 - - [05/Dec/2023:13:03:53 +0700] "GET / HTTP/1.1" 200 423
::1 - - [05/Dec/2023:13:03:55 +0700] "GET /assets/index-f1431c9b.css HTTP/1.1" 200 19038
::1 - - [05/Dec/2023:13:03:55 +0700] "GET /assets/index-39af53f6.js HTTP/1.1" 200 1566900
::1 - - [05/Dec/2023:13:03:55 +0700] "GET /assets/one-search-engine-34d098c4.png HTTP/1.1" 200 39353
::1 - - [05/Dec/2023:13:03:55 +0700] "GET /api/v1.0/domains/?query=&limit=7&start=0&sort_total_pages=DESC HTTP/1.1" 200 480
::1 - - [05/Dec/2023:13:03:55 +0700] "GET /api/v1.0/webpages/?query=&limit=5&start=0&sort_pagerank_score=DESC HTTP/1.1" 200 1171
::1 - - [05/Dec/2023:13:04:03 +0700] "GET /dashboard HTTP/1.1" 404 207
::1 - - [05/Dec/2023:13:04:06 +0700] "GET / HTTP/1.1" 304 -
::1 - - [05/Dec/2023:13:04:06 +0700] "GET /assets/index-f1431c9b.css HTTP/1.1" 304 -
::1 - - [05/Dec/2023:13:04:06 +0700] "GET /assets/index-39af53f6.js HTTP/1.1" 304 -
::1 - - [05/Dec/2023:13:04:06 +0700] "GET /assets/one-search-engine-34d098c4.png HTTP/1.1" 304 -
::1 - - [05/Dec/2023:13:04:06 +0700] "GET /api/v1.0/domains/?query=&limit=7&start=0&sort_total_pages=DESC HTTP/1.1" 200 480
::1 - - [05/Dec/2023:13:04:06 +0700] "GET /api/v1.0/webpages/?query=&limit=5&start=0&sort_pagerank_score=DESC HTTP/1.1" 200 1171
::1 - - [05/Dec/2023:13:04:10 +0700] "GET /dashboard HTTP/1.1" 404 207
::1 - - [05/Dec/2023:13:04:17 +0700] "GET /dashboard HTTP/1.1" 404 207
::1 - - [05/Dec/2023:13:05:04 +0700] "GET /dashboard HTTP/1.1" 200 423
::1 - - [05/Dec/2023:13:05:07 +0700] "GET /assets/index-f1431c9b.css HTTP/1.1" 304 -
::1 - - [05/Dec/2023:13:05:07 +0700] "GET /assets/index-39af53f6.js HTTP/1.1" 304 -
::1 - - [05/Dec/2023:13:05:07 +0700] "GET /api/v1.0/accounts/me HTTP/1.1" 400 84
::1 - - [05/Dec/2023:13:05:07 +0700] "GET /assets/one-search-engine-34d098c4.png HTTP/1.1" 304 -
::1 - - [05/Dec/2023:13:05:07 +0700] "GET /api/v1.0/page_ranking/status HTTP/1.1" 200 18
::1 - - [05/Dec/2023:13:05:07 +0700] "GET /api/v1.0/crawling/specs HTTP/1.1" 200 21
::1 - - [05/Dec/2023:13:05:07 +0700] "GET /api/v1.0/crawling/status HTTP/1.1" 200 75
::1 - - [05/Dec/2023:13:05:07 +0700] "GET /api/v1.0/document_ranking/status HTTP/1.1" 200 18
::1 - - [05/Dec/2023:13:05:07 +0700] "GET /login HTTP/1.1" 200 423
::1 - - [05/Dec/2023:13:05:07 +0700] "GET /assets/index-39af53f6.js HTTP/1.1" 304 -
::1 - - [05/Dec/2023:13:05:07 +0700] "GET /assets/index-f1431c9b.css HTTP/1.1" 304 -
::1 - - [05/Dec/2023:13:05:08 +0700] "GET /assets/one-search-engine-34d098c4.png HTTP/1.1" 304 -
::1 - - [05/Dec/2023:13:05:07 +0700] "GET /api/v1.0/webpages/?query=&limit=20&start=0&sort_pagerank_score=DESC HTTP/1.1" 200 4109
::1 - - [05/Dec/2023:13:05:07 +0700] "GET /api/v1.0/analytics/top_searched_words?start=0&limit=10 HTTP/1.1" 200 333
::1 - - [05/Dec/2023:13:05:07 +0700] "GET /api/v1.0/webpages/?query=&limit=20&start=0&sort_pagerank_score=DESC HTTP/1.1" 200 4109
::1 - - [05/Dec/2023:13:05:07 +0700] "GET /api/v1.0/crawling/metrics HTTP/1.1" 200 925
::1 - - [05/Dec/2023:13:05:07 +0700] "GET /api/v1.0/words/?start=0&limit=20 HTTP/1.1" 200 2085
::1 - - [05/Dec/2023:13:05:07 +0700] "GET /api/v1.0/page_ranking/metrics HTTP/1.1" 200 61
::1 - - [05/Dec/2023:13:05:22 +0700] "GET /assets/index-f1431c9b.css HTTP/1.1" 304 -
::1 - - [05/Dec/2023:13:08:29 +0700] "GET /login HTTP/1.1" 200 423
::1 - - [05/Dec/2023:13:08:29 +0700] "GET /assets/index-f1431c9b.css HTTP/1.1" 200 19038
::1 - - [05/Dec/2023:13:08:29 +0700] "GET /assets/index-39af53f6.js HTTP/1.1" 200 1566900
::1 - - [05/Dec/2023:13:08:29 +0700] "GET /assets/one-search-engine-34d098c4.png HTTP/1.1" 200 39353
::1 - - [05/Dec/2023:13:10:24 +0700] "GET /login HTTP/1.1" 200 423
::1 - - [05/Dec/2023:13:10:24 +0700] "GET /assets/index-f1431c9b.css HTTP/1.1" 200 19038
::1 - - [05/Dec/2023:13:10:24 +0700] "GET /assets/index-57e3bd4f.js HTTP/1.1" 200 1566909
::1 - - [05/Dec/2023:13:10:25 +0700] "GET /assets/one-search-engine-34d098c4.png HTTP/1.1" 200 39353
::1 - - [05/Dec/2023:13:10:31 +0700] "GET /login HTTP/1.1" 304 -
::1 - - [05/Dec/2023:13:10:33 +0700] "GET /assets/index-f1431c9b.css HTTP/1.1" 304 -
::1 - - [05/Dec/2023:13:10:33 +0700] "GET /assets/index-57e3bd4f.js HTTP/1.1" 304 -
::1 - - [05/Dec/2023:13:10:33 +0700] "GET /assets/one-search-engine-34d098c4.png HTTP/1.1" 304 -
::1 - - [05/Dec/2023:13:10:40 +0700] "POST /api/v1.0/auth/login HTTP/1.1" 400 32
::1 - - [05/Dec/2023:13:10:46 +0700] "POST /api/v1.0/auth/login HTTP/1.1" 400 32
::1 - - [05/Dec/2023:13:10:53 +0700] "POST /api/v1.0/auth/login HTTP/1.1" 403 43
::1 - - [05/Dec/2023:13:13:06 +0700] "POST /api/v1.0/auth/login HTTP/1.1" 403 43
::1 - - [05/Dec/2023:13:13:09 +0700] "POST /api/v1.0/auth/login HTTP/1.1" 200 142
::1 - - [05/Dec/2023:13:13:09 +0700] "GET /api/v1.0/page_ranking/status HTTP/1.1" 200 18
::1 - - [05/Dec/2023:13:13:09 +0700] "GET /api/v1.0/accounts/me HTTP/1.1" 200 123
::1 - - [05/Dec/2023:13:13:09 +0700] "GET /api/v1.0/analytics/top_searched_words?start=0&limit=10 HTTP/1.1" 200 333
::1 - - [05/Dec/2023:13:13:09 +0700] "GET /api/v1.0/crawling/specs HTTP/1.1" 200 21
::1 - - [05/Dec/2023:13:13:09 +0700] "GET /api/v1.0/crawling/status HTTP/1.1" 200 75
::1 - - [05/Dec/2023:13:13:09 +0700] "GET /api/v1.0/document_ranking/status HTTP/1.1" 200 18
::1 - - [05/Dec/2023:13:13:09 +0700] "GET /api/v1.0/webpages/?query=&limit=20&start=0&sort_pagerank_score=DESC HTTP/1.1" 200 4109
::1 - - [05/Dec/2023:13:13:09 +0700] "GET /api/v1.0/words/?start=0&limit=20 HTTP/1.1" 200 2085
::1 - - [05/Dec/2023:13:13:10 +0700] "GET /api/v1.0/page_ranking/status HTTP/1.1" 200 18
::1 - - [05/Dec/2023:13:13:10 +0700] "GET /api/v1.0/crawling/specs HTTP/1.1" 200 21
::1 - - [05/Dec/2023:13:13:10 +0700] "GET /api/v1.0/accounts/me HTTP/1.1" 200 123
::1 - - [05/Dec/2023:13:13:10 +0700] "GET /api/v1.0/crawling/status HTTP/1.1" 200 75
::1 - - [05/Dec/2023:13:13:10 +0700] "GET /api/v1.0/document_ranking/status HTTP/1.1" 200 18
::1 - - [05/Dec/2023:13:13:10 +0700] "GET /api/v1.0/analytics/top_searched_words?start=0&limit=10 HTTP/1.1" 200 333
::1 - - [05/Dec/2023:13:13:09 +0700] "GET /api/v1.0/crawling/metrics HTTP/1.1" 200 925
::1 - - [05/Dec/2023:13:13:10 +0700] "GET /api/v1.0/webpages/?query=&limit=20&start=0&sort_pagerank_score=DESC HTTP/1.1" 200 4109
::1 - - [05/Dec/2023:13:13:10 +0700] "GET /api/v1.0/words/?start=0&limit=20 HTTP/1.1" 200 2085
::1 - - [05/Dec/2023:13:13:09 +0700] "GET /api/v1.0/page_ranking/metrics HTTP/1.1" 200 61
::1 - - [05/Dec/2023:13:13:11 +0700] "GET /api/v1.0/webpages/?query=&limit=20&start=0&sort_pagerank_score=DESC HTTP/1.1" 200 4109
::1 - - [05/Dec/2023:13:13:11 +0700] "GET /api/v1.0/crawling/status HTTP/1.1" 200 75
::1 - - [05/Dec/2023:13:13:12 +0700] "GET /api/v1.0/document_ranking/status HTTP/1.1" 200 18
::1 - - [05/Dec/2023:13:13:12 +0700] "GET /api/v1.0/crawling/status HTTP/1.1" 200 75
::1 - - [05/Dec/2023:13:13:13 +0700] "GET /api/v1.0/page_ranking/status HTTP/1.1" 200 18
::1 - - [05/Dec/2023:13:13:13 +0700] "GET /api/v1.0/crawling/specs HTTP/1.1" 200 21
::1 - - [05/Dec/2023:13:13:13 +0700] "GET /api/v1.0/crawling/status HTTP/1.1" 200 75
::1 - - [05/Dec/2023:13:13:13 +0700] "GET /api/v1.0/analytics/top_searched_words?start=0&limit=10 HTTP/1.1" 200 333
::1 - - [05/Dec/2023:13:13:13 +0700] "GET /api/v1.0/document_ranking/status HTTP/1.1" 200 18
::1 - - [05/Dec/2023:13:13:13 +0700] "GET /api/v1.0/accounts/me HTTP/1.1" 200 123
::1 - - [05/Dec/2023:13:13:14 +0700] "GET /api/v1.0/crawling/status HTTP/1.1" 200 75
::1 - - [05/Dec/2023:13:13:13 +0700] "GET /api/v1.0/page_ranking/metrics HTTP/1.1" 200 61
::1 - - [05/Dec/2023:13:13:13 +0700] "GET /api/v1.0/crawling/metrics HTTP/1.1" 200 925
::1 - - [05/Dec/2023:13:13:13 +0700] "GET /api/v1.0/webpages/?query=&limit=20&start=0&sort_pagerank_score=DESC HTTP/1.1" 200 4109
::1 - - [05/Dec/2023:13:13:13 +0700] "GET /api/v1.0/words/?start=0&limit=20 HTTP/1.1" 200 2085
::1 - - [05/Dec/2023:13:13:14 +0700] "GET /api/v1.0/webpages/?query=&limit=20&start=0&sort_pagerank_score=DESC HTTP/1.1" 200 4109
::1 - - [05/Dec/2023:13:13:15 +0700] "GET /api/v1.0/document_ranking/status HTTP/1.1" 200 18
::1 - - [05/Dec/2023:13:13:15 +0700] "GET /api/v1.0/crawling/status HTTP/1.1" 200 75
::1 - - [05/Dec/2023:13:13:15 +0700] "GET /api/v1.0/accounts/me HTTP/1.1" 200 123
::1 - - [05/Dec/2023:13:13:15 +0700] "GET /api/v1.0/page_ranking/status HTTP/1.1" 200 18
::1 - - [05/Dec/2023:13:13:15 +0700] "GET /api/v1.0/crawling/specs HTTP/1.1" 200 21
::1 - - [05/Dec/2023:13:13:15 +0700] "GET /api/v1.0/crawling/status HTTP/1.1" 200 75
::1 - - [05/Dec/2023:13:13:15 +0700] "GET /api/v1.0/document_ranking/status HTTP/1.1" 200 18
::1 - - [05/Dec/2023:13:13:15 +0700] "GET /api/v1.0/analytics/top_searched_words?start=0&limit=10 HTTP/1.1" 200 333
::1 - - [05/Dec/2023:13:13:16 +0700] "GET /api/v1.0/crawling/status HTTP/1.1" 200 75
::1 - - [05/Dec/2023:13:13:15 +0700] "GET /api/v1.0/crawling/metrics HTTP/1.1" 200 925
::1 - - [05/Dec/2023:13:13:15 +0700] "GET /api/v1.0/page_ranking/metrics HTTP/1.1" 200 61
::1 - - [05/Dec/2023:13:13:15 +0700] "GET /api/v1.0/webpages/?query=&limit=20&start=0&sort_pagerank_score=DESC HTTP/1.1" 200 4109
::1 - - [05/Dec/2023:13:13:15 +0700] "GET /api/v1.0/words/?start=0&limit=20 HTTP/1.1" 200 2085
::1 - - [05/Dec/2023:13:13:17 +0700] "GET /api/v1.0/webpages/?query=&limit=20&start=0&sort_pagerank_score=DESC HTTP/1.1" 200 4109
::1 - - [05/Dec/2023:13:13:17 +0700] "GET /api/v1.0/document_ranking/status HTTP/1.1" 200 18
::1 - - [05/Dec/2023:13:13:17 +0700] "GET /api/v1.0/crawling/status HTTP/1.1" 200 75
::1 - - [05/Dec/2023:13:13:18 +0700] "GET /api/v1.0/page_ranking/status HTTP/1.1" 200 18
::1 - - [05/Dec/2023:13:13:18 +0700] "GET /api/v1.0/accounts/?limit=10&start=0 HTTP/1.1" 200 401
::1 - - [05/Dec/2023:13:13:19 +0700] "GET /api/v1.0/analytics/top_searched_words?start=0&limit=10 HTTP/1.1" 200 333
::1 - - [05/Dec/2023:13:13:19 +0700] "GET /api/v1.0/document_ranking/status HTTP/1.1" 200 18
::1 - - [05/Dec/2023:13:13:19 +0700] "GET /api/v1.0/webpages/?query=&limit=20&start=0&sort_pagerank_score=DESC HTTP/1.1" 200 4109
::1 - - [05/Dec/2023:13:13:19 +0700] "GET /api/v1.0/words/?start=0&limit=20 HTTP/1.1" 200 2085
::1 - - [05/Dec/2023:13:13:20 +0700] "GET /api/v1.0/crawling/specs HTTP/1.1" 200 21
::1 - - [05/Dec/2023:13:13:20 +0700] "GET /api/v1.0/crawling/status HTTP/1.1" 200 75
::1 - - [05/Dec/2023:13:13:20 +0700] "GET /api/v1.0/crawling/metrics HTTP/1.1" 200 925
::1 - - [05/Dec/2023:13:13:21 +0700] "GET /api/v1.0/crawling/status HTTP/1.1" 200 75
::1 - - [05/Dec/2023:13:13:22 +0700] "GET /api/v1.0/crawling/status HTTP/1.1" 200 75
::1 - - [05/Dec/2023:13:13:23 +0700] "GET /api/v1.0/crawling/status HTTP/1.1" 200 75
::1 - - [05/Dec/2023:13:13:24 +0700] "GET /api/v1.0/crawling/status HTTP/1.1" 200 75
::1 - - [05/Dec/2023:13:13:25 +0700] "GET /api/v1.0/crawling/status HTTP/1.1" 200 75
::1 - - [05/Dec/2023:13:13:26 +0700] "GET /api/v1.0/crawling/status HTTP/1.1" 200 75
::1 - - [05/Dec/2023:13:13:27 +0700] "GET /api/v1.0/crawling/status HTTP/1.1" 200 75
::1 - - [05/Dec/2023:13:13:28 +0700] "GET /api/v1.0/crawling/status HTTP/1.1" 200 75
::1 - - [05/Dec/2023:13:13:28 +0700] "GET /api/v1.0/crawling/start?threads=7&duration=60 HTTP/1.1" 200 31
::1 - - [05/Dec/2023:13:13:29 +0700] "GET /api/v1.0/crawling/status HTTP/1.1" 200 109
::1 - - [05/Dec/2023:13:13:30 +0700] "GET /api/v1.0/crawling/status HTTP/1.1" 200 109
::1 - - [05/Dec/2023:13:13:31 +0700] "GET /api/v1.0/crawling/status HTTP/1.1" 200 109
::1 - - [05/Dec/2023:13:13:32 +0700] "GET /api/v1.0/crawling/status HTTP/1.1" 200 109
::1 - - [05/Dec/2023:13:13:33 +0700] "GET /api/v1.0/crawling/status HTTP/1.1" 200 109
::1 - - [05/Dec/2023:13:13:34 +0700] "GET /api/v1.0/crawling/status HTTP/1.1" 200 109
::1 - - [05/Dec/2023:13:13:35 +0700] "GET /api/v1.0/crawling/status HTTP/1.1" 200 109
::1 - - [05/Dec/2023:13:13:36 +0700] "GET /api/v1.0/crawling/status HTTP/1.1" 200 109
::1 - - [05/Dec/2023:13:13:37 +0700] "GET /api/v1.0/crawling/status HTTP/1.1" 200 109
::1 - - [05/Dec/2023:13:13:38 +0700] "GET /api/v1.0/crawling/status HTTP/1.1" 200 109
::1 - - [05/Dec/2023:13:13:39 +0700] "GET /api/v1.0/crawling/status HTTP/1.1" 200 109
::1 - - [05/Dec/2023:13:13:39 +0700] "GET /api/v1.0/crawling/status HTTP/1.1" 200 109
::1 - - [05/Dec/2023:13:13:39 +0700] "GET /api/v1.0/crawling/specs HTTP/1.1" 200 21
::1 - - [05/Dec/2023:13:13:39 +0700] "GET /api/v1.0/accounts/me HTTP/1.1" 200 123
::1 - - [05/Dec/2023:13:13:39 +0700] "GET /api/v1.0/crawling/metrics HTTP/1.1" 200 925
::1 - - [05/Dec/2023:13:13:40 +0700] "GET /api/v1.0/crawling/status HTTP/1.1" 200 109
::1 - - [05/Dec/2023:13:13:41 +0700] "GET /api/v1.0/crawling/status HTTP/1.1" 200 109
::1 - - [05/Dec/2023:13:13:42 +0700] "GET /api/v1.0/crawling/status HTTP/1.1" 200 109
::1 - - [05/Dec/2023:13:13:43 +0700] "GET /api/v1.0/crawling/status HTTP/1.1" 200 109
::1 - - [05/Dec/2023:13:13:44 +0700] "GET /api/v1.0/crawling/status HTTP/1.1" 200 109
::1 - - [05/Dec/2023:13:13:45 +0700] "GET /api/v1.0/crawling/specs HTTP/1.1" 200 21
::1 - - [05/Dec/2023:13:13:45 +0700] "GET /api/v1.0/crawling/status HTTP/1.1" 200 109
::1 - - [05/Dec/2023:13:13:45 +0700] "GET /api/v1.0/accounts/me HTTP/1.1" 200 123
::1 - - [05/Dec/2023:13:13:45 +0700] "GET /api/v1.0/crawling/metrics HTTP/1.1" 200 925
::1 - - [05/Dec/2023:13:13:47 +0700] "GET /api/v1.0/crawling/specs HTTP/1.1" 200 21
::1 - - [05/Dec/2023:13:13:47 +0700] "GET /api/v1.0/crawling/status HTTP/1.1" 200 109
::1 - - [05/Dec/2023:13:13:47 +0700] "GET /api/v1.0/accounts/me HTTP/1.1" 200 123
::1 - - [05/Dec/2023:13:13:47 +0700] "GET /api/v1.0/crawling/metrics HTTP/1.1" 200 925
::1 - - [05/Dec/2023:13:13:48 +0700] "GET /api/v1.0/crawling/status HTTP/1.1" 200 109
::1 - - [05/Dec/2023:13:13:49 +0700] "GET /api/v1.0/crawling/status HTTP/1.1" 200 109
::1 - - [05/Dec/2023:13:13:50 +0700] "GET /api/v1.0/crawling/status HTTP/1.1" 200 109
::1 - - [05/Dec/2023:13:13:51 +0700] "GET /api/v1.0/crawling/status HTTP/1.1" 200 109
::1 - - [05/Dec/2023:13:13:52 +0700] "GET /api/v1.0/crawling/status HTTP/1.1" 200 109
::1 - - [05/Dec/2023:13:13:53 +0700] "GET /api/v1.0/crawling/status HTTP/1.1" 200 109
::1 - - [05/Dec/2023:13:13:54 +0700] "GET /api/v1.0/crawling/status HTTP/1.1" 200 109
::1 - - [05/Dec/2023:13:13:55 +0700] "GET /api/v1.0/crawling/status HTTP/1.1" 200 109
::1 - - [05/Dec/2023:13:13:56 +0700] "GET /api/v1.0/crawling/status HTTP/1.1" 200 109
::1 - - [05/Dec/2023:13:13:57 +0700] "GET /api/v1.0/crawling/status HTTP/1.1" 200 109
::1 - - [05/Dec/2023:13:13:58 +0700] "GET /api/v1.0/crawling/specs HTTP/1.1" 200 21
::1 - - [05/Dec/2023:13:13:58 +0700] "GET /api/v1.0/accounts/me HTTP/1.1" 200 123
::1 - - [05/Dec/2023:13:13:58 +0700] "GET /api/v1.0/crawling/status HTTP/1.1" 200 109
::1 - - [05/Dec/2023:13:13:58 +0700] "GET /api/v1.0/crawling/metrics HTTP/1.1" 200 925
::1 - - [05/Dec/2023:13:13:59 +0700] "GET /api/v1.0/crawling/status HTTP/1.1" 200 109
::1 - - [05/Dec/2023:13:14:00 +0700] "GET /api/v1.0/crawling/status HTTP/1.1" 200 109
::1 - - [05/Dec/2023:13:14:00 +0700] "GET /dashboard/services/crawling/overview HTTP/1.1" 200 423
::1 - - [05/Dec/2023:13:14:00 +0700] "GET /assets/index-f1431c9b.css HTTP/1.1" 304 -
::1 - - [05/Dec/2023:13:14:00 +0700] "GET /assets/index-57e3bd4f.js HTTP/1.1" 304 -
::1 - - [05/Dec/2023:13:14:00 +0700] "GET /assets/one-search-engine-34d098c4.png HTTP/1.1" 304 -
::1 - - [05/Dec/2023:13:14:00 +0700] "GET /api/v1.0/accounts/me HTTP/1.1" 200 123
::1 - - [05/Dec/2023:13:14:00 +0700] "GET /api/v1.0/crawling/specs HTTP/1.1" 200 21
::1 - - [05/Dec/2023:13:14:00 +0700] "GET /api/v1.0/crawling/status HTTP/1.1" 200 109
::1 - - [05/Dec/2023:13:14:00 +0700] "GET /api/v1.0/crawling/metrics HTTP/1.1" 200 925
::1 - - [05/Dec/2023:13:14:01 +0700] "GET /api/v1.0/crawling/status HTTP/1.1" 200 109
::1 - - [05/Dec/2023:13:14:02 +0700] "GET /api/v1.0/crawling/status HTTP/1.1" 200 109
::1 - - [05/Dec/2023:13:14:03 +0700] "GET /api/v1.0/crawling/status HTTP/1.1" 200 109
::1 - - [05/Dec/2023:13:14:04 +0700] "GET /api/v1.0/accounts/?limit=10&start=0 HTTP/1.1" 200 401
::1 - - [05/Dec/2023:13:14:06 +0700] "GET /api/v1.0/document_ranking/status HTTP/1.1" 200 18
::1 - - [05/Dec/2023:13:14:06 +0700] "GET /api/v1.0/analytics/top_searched_words?start=0&limit=10 HTTP/1.1" 200 333
::1 - - [05/Dec/2023:13:14:06 +0700] "GET /api/v1.0/webpages/?query=&limit=20&start=0&sort_pagerank_score=DESC HTTP/1.1" 200 4109
::1 - - [05/Dec/2023:13:14:06 +0700] "GET /api/v1.0/words/?start=0&limit=20 HTTP/1.1" 200 2085
::1 - - [05/Dec/2023:13:14:07 +0700] "GET /api/v1.0/crawling/specs HTTP/1.1" 200 21
::1 - - [05/Dec/2023:13:14:07 +0700] "GET /api/v1.0/crawling/status HTTP/1.1" 200 109
::1 - - [05/Dec/2023:13:14:07 +0700] "GET /api/v1.0/crawling/metrics HTTP/1.1" 200 925
::1 - - [05/Dec/2023:13:14:08 +0700] "GET /api/v1.0/crawling/status HTTP/1.1" 200 109
::1 - - [05/Dec/2023:13:14:09 +0700] "GET /api/v1.0/crawling/status HTTP/1.1" 200 109
::1 - - [05/Dec/2023:13:14:10 +0700] "GET /api/v1.0/crawling/status HTTP/1.1" 200 109
::1 - - [05/Dec/2023:13:14:11 +0700] "GET /api/v1.0/crawling/status HTTP/1.1" 200 109
::1 - - [05/Dec/2023:13:14:12 +0700] "GET /api/v1.0/crawling/status HTTP/1.1" 200 109
::1 - - [05/Dec/2023:13:14:13 +0700] "GET /api/v1.0/crawling/status HTTP/1.1" 200 109
::1 - - [05/Dec/2023:13:14:14 +0700] "GET /api/v1.0/crawling/status HTTP/1.1" 200 109
::1 - - [05/Dec/2023:13:14:15 +0700] "GET /api/v1.0/crawling/status HTTP/1.1" 200 109
::1 - - [05/Dec/2023:13:14:16 +0700] "GET /api/v1.0/crawling/status HTTP/1.1" 200 109
::1 - - [05/Dec/2023:13:14:17 +0700] "GET /api/v1.0/crawling/status HTTP/1.1" 200 109
::1 - - [05/Dec/2023:13:14:18 +0700] "GET /api/v1.0/crawling/status HTTP/1.1" 200 109
::1 - - [05/Dec/2023:13:14:19 +0700] "GET /api/v1.0/crawling/status HTTP/1.1" 200 109
::1 - - [05/Dec/2023:13:14:20 +0700] "GET /api/v1.0/crawling/status HTTP/1.1" 200 109
::1 - - [05/Dec/2023:13:14:21 +0700] "GET /api/v1.0/crawling/status HTTP/1.1" 200 109
::1 - - [05/Dec/2023:13:14:22 +0700] "GET /api/v1.0/crawling/status HTTP/1.1" 200 109
::1 - - [05/Dec/2023:13:14:23 +0700] "GET /api/v1.0/crawling/status HTTP/1.1" 200 109
::1 - - [05/Dec/2023:13:14:24 +0700] "GET /api/v1.0/crawling/status HTTP/1.1" 200 109
::1 - - [05/Dec/2023:13:14:25 +0700] "GET /api/v1.0/crawling/status HTTP/1.1" 200 109
::1 - - [05/Dec/2023:13:14:26 +0700] "GET /api/v1.0/crawling/status HTTP/1.1" 200 109
::1 - - [05/Dec/2023:13:14:27 +0700] "GET /api/v1.0/crawling/status HTTP/1.1" 200 109
::1 - - [05/Dec/2023:13:14:28 +0700] "GET /api/v1.0/crawling/status HTTP/1.1" 200 109
::1 - - [05/Dec/2023:13:14:29 +0700] "GET /api/v1.0/crawling/status HTTP/1.1" 200 109
::1 - - [05/Dec/2023:13:14:30 +0700] "GET /api/v1.0/crawling/status HTTP/1.1" 200 109
::1 - - [05/Dec/2023:13:14:31 +0700] "GET /api/v1.0/crawling/status HTTP/1.1" 200 109
::1 - - [05/Dec/2023:13:14:32 +0700] "GET /api/v1.0/crawling/status HTTP/1.1" 200 109
::1 - - [05/Dec/2023:13:14:34 +0700] "GET /api/v1.0/crawling/status HTTP/1.1" 200 109
::1 - - [05/Dec/2023:13:14:35 +0700] "GET /api/v1.0/crawling/status HTTP/1.1" 200 109
::1 - - [05/Dec/2023:13:14:36 +0700] "GET /api/v1.0/crawling/status HTTP/1.1" 200 109
::1 - - [05/Dec/2023:13:14:37 +0700] "GET /api/v1.0/crawling/status HTTP/1.1" 200 109
::1 - - [05/Dec/2023:13:14:38 +0700] "GET /api/v1.0/crawling/status HTTP/1.1" 200 109
::1 - - [05/Dec/2023:13:14:39 +0700] "GET /api/v1.0/crawling/status HTTP/1.1" 200 109
::1 - - [05/Dec/2023:13:14:40 +0700] "GET /api/v1.0/crawling/status HTTP/1.1" 200 109
::1 - - [05/Dec/2023:13:14:41 +0700] "GET /api/v1.0/crawling/status HTTP/1.1" 200 109
::1 - - [05/Dec/2023:13:14:42 +0700] "GET /api/v1.0/crawling/status HTTP/1.1" 200 109
::1 - - [05/Dec/2023:13:14:43 +0700] "GET /api/v1.0/crawling/status HTTP/1.1" 200 109
::1 - - [05/Dec/2023:13:14:44 +0700] "GET /api/v1.0/crawling/status HTTP/1.1" 200 109
::1 - - [05/Dec/2023:13:14:45 +0700] "GET /api/v1.0/crawling/status HTTP/1.1" 200 109
::1 - - [05/Dec/2023:13:14:46 +0700] "GET /api/v1.0/crawling/status HTTP/1.1" 200 109
::1 - - [05/Dec/2023:13:14:47 +0700] "GET /api/v1.0/crawling/status HTTP/1.1" 200 109
::1 - - [05/Dec/2023:13:14:48 +0700] "GET /api/v1.0/crawling/status HTTP/1.1" 200 109
::1 - - [05/Dec/2023:13:14:49 +0700] "GET /api/v1.0/crawling/status HTTP/1.1" 200 109
::1 - - [05/Dec/2023:13:14:50 +0700] "GET /api/v1.0/crawling/status HTTP/1.1" 200 109
::1 - - [05/Dec/2023:13:14:51 +0700] "GET /api/v1.0/crawling/status HTTP/1.1" 200 109
::1 - - [05/Dec/2023:13:14:52 +0700] "GET /api/v1.0/crawling/status HTTP/1.1" 200 109
::1 - - [05/Dec/2023:13:14:53 +0700] "GET /api/v1.0/crawling/status HTTP/1.1" 200 109
::1 - - [05/Dec/2023:13:14:54 +0700] "GET /api/v1.0/crawling/status HTTP/1.1" 200 109
::1 - - [05/Dec/2023:13:14:55 +0700] "GET /api/v1.0/crawling/status HTTP/1.1" 200 109
::1 - - [05/Dec/2023:13:14:56 +0700] "GET /api/v1.0/crawling/status HTTP/1.1" 200 109
::1 - - [05/Dec/2023:13:14:57 +0700] "GET /api/v1.0/crawling/status HTTP/1.1" 200 109
::1 - - [05/Dec/2023:13:14:58 +0700] "GET /api/v1.0/crawling/status HTTP/1.1" 200 109
::1 - - [05/Dec/2023:13:14:59 +0700] "GET /api/v1.0/crawling/status HTTP/1.1" 200 109
::1 - - [05/Dec/2023:13:15:00 +0700] "GET /api/v1.0/crawling/status HTTP/1.1" 200 109
::1 - - [05/Dec/2023:13:15:01 +0700] "GET /api/v1.0/crawling/status HTTP/1.1" 200 109
::1 - - [05/Dec/2023:13:15:02 +0700] "GET /api/v1.0/crawling/status HTTP/1.1" 200 109
::1 - - [05/Dec/2023:13:15:03 +0700] "GET /api/v1.0/crawling/status HTTP/1.1" 200 109
::1 - - [05/Dec/2023:13:15:04 +0700] "GET /api/v1.0/crawling/status HTTP/1.1" 200 109
::1 - - [05/Dec/2023:13:15:05 +0700] "GET /api/v1.0/crawling/status HTTP/1.1" 200 109
::1 - - [05/Dec/2023:13:15:06 +0700] "GET /api/v1.0/crawling/status HTTP/1.1" 200 109
::1 - - [05/Dec/2023:13:15:07 +0700] "GET /api/v1.0/crawling/status HTTP/1.1" 200 109
::1 - - [05/Dec/2023:13:15:08 +0700] "GET /api/v1.0/crawling/status HTTP/1.1" 200 109
::1 - - [05/Dec/2023:13:15:09 +0700] "GET /api/v1.0/crawling/specs HTTP/1.1" 200 21
::1 - - [05/Dec/2023:13:15:09 +0700] "GET /api/v1.0/crawling/status HTTP/1.1" 200 109
::1 - - [05/Dec/2023:13:15:10 +0700] "GET /api/v1.0/crawling/status HTTP/1.1" 200 109
::1 - - [05/Dec/2023:13:15:11 +0700] "GET /api/v1.0/crawling/status HTTP/1.1" 200 109
::1 - - [05/Dec/2023:13:15:12 +0700] "GET /api/v1.0/crawling/status HTTP/1.1" 200 109
::1 - - [05/Dec/2023:13:15:13 +0700] "GET /api/v1.0/crawling/status HTTP/1.1" 200 109
::1 - - [05/Dec/2023:13:15:09 +0700] "GET /api/v1.0/accounts/me HTTP/1.1" 400 84
::1 - - [05/Dec/2023:13:15:13 +0700] "GET /login HTTP/1.1" 304 -
::1 - - [05/Dec/2023:13:15:09 +0700] "GET /api/v1.0/crawling/metrics HTTP/1.1" 500 265
::1 - - [05/Dec/2023:13:15:13 +0700] "GET /assets/index-f1431c9b.css HTTP/1.1" 304 -
::1 - - [05/Dec/2023:13:15:13 +0700] "GET /assets/index-57e3bd4f.js HTTP/1.1" 304 -
::1 - - [05/Dec/2023:13:15:13 +0700] "GET /assets/one-search-engine-34d098c4.png HTTP/1.1" 304 -
::1 - - [05/Dec/2023:13:40:58 +0700] "POST /api/v1.0/auth/login HTTP/1.1" 200 142
::1 - - [05/Dec/2023:13:41:00 +0700] "GET /api/v1.0/accounts/me HTTP/1.1" 200 123
::1 - - [05/Dec/2023:13:41:00 +0700] "GET /api/v1.0/page_ranking/status HTTP/1.1" 200 18
::1 - - [05/Dec/2023:13:41:00 +0700] "GET /api/v1.0/crawling/status HTTP/1.1" 200 109
::1 - - [05/Dec/2023:13:41:00 +0700] "GET /api/v1.0/crawling/specs HTTP/1.1" 200 21
::1 - - [05/Dec/2023:13:41:00 +0700] "GET /api/v1.0/document_ranking/status HTTP/1.1" 200 18
::1 - - [05/Dec/2023:13:41:00 +0700] "GET /api/v1.0/analytics/top_searched_words?start=0&limit=10 HTTP/1.1" 200 333
::1 - - [05/Dec/2023:13:41:00 +0700] "GET /api/v1.0/webpages/?query=&limit=20&start=0&sort_pagerank_score=DESC HTTP/1.1" 200 4109
::1 - - [05/Dec/2023:13:41:00 +0700] "GET /api/v1.0/words/?start=0&limit=20 HTTP/1.1" 200 2085
::1 - - [05/Dec/2023:13:41:00 +0700] "GET /api/v1.0/webpages/?query=&limit=20&start=0&sort_pagerank_score=DESC HTTP/1.1" 200 4109
::1 - - [05/Dec/2023:13:41:00 +0700] "GET /api/v1.0/crawling/metrics HTTP/1.1" 200 1013
::1 - - [05/Dec/2023:13:41:01 +0700] "GET /api/v1.0/page_ranking/status HTTP/1.1" 200 18
::1 - - [05/Dec/2023:13:41:01 +0700] "GET /api/v1.0/crawling/specs HTTP/1.1" 200 21
::1 - - [05/Dec/2023:13:41:01 +0700] "GET /api/v1.0/crawling/status HTTP/1.1" 200 109
::1 - - [05/Dec/2023:13:41:01 +0700] "GET /api/v1.0/accounts/me HTTP/1.1" 200 123
::1 - - [05/Dec/2023:13:41:01 +0700] "GET /api/v1.0/document_ranking/status HTTP/1.1" 200 18
::1 - - [05/Dec/2023:13:41:01 +0700] "GET /api/v1.0/analytics/top_searched_words?start=0&limit=10 HTTP/1.1" 200 333
::1 - - [05/Dec/2023:13:41:01 +0700] "GET /api/v1.0/webpages/?query=&limit=20&start=0&sort_pagerank_score=DESC HTTP/1.1" 200 4109
::1 - - [05/Dec/2023:13:41:01 +0700] "GET /api/v1.0/crawling/metrics HTTP/1.1" 200 1013
::1 - - [05/Dec/2023:13:41:00 +0700] "GET /api/v1.0/page_ranking/metrics HTTP/1.1" 200 61
::1 - - [05/Dec/2023:13:41:01 +0700] "GET /api/v1.0/words/?start=0&limit=20 HTTP/1.1" 200 2085
::1 - - [05/Dec/2023:13:41:01 +0700] "GET /api/v1.0/webpages/?query=&limit=20&start=0&sort_pagerank_score=DESC HTTP/1.1" 200 4109
::1 - - [05/Dec/2023:13:41:02 +0700] "GET /api/v1.0/crawling/status HTTP/1.1" 200 109
::1 - - [05/Dec/2023:13:41:03 +0700] "GET /api/v1.0/document_ranking/status HTTP/1.1" 200 18
::1 - - [05/Dec/2023:13:41:03 +0700] "GET /api/v1.0/crawling/status HTTP/1.1" 200 109
::1 - - [05/Dec/2023:13:41:03 +0700] "GET /api/v1.0/page_ranking/status HTTP/1.1" 200 18
::1 - - [05/Dec/2023:13:41:03 +0700] "GET /api/v1.0/crawling/specs HTTP/1.1" 200 21
::1 - - [05/Dec/2023:13:41:03 +0700] "GET /api/v1.0/page_ranking/metrics HTTP/1.1" 200 61
::1 - - [05/Dec/2023:13:41:03 +0700] "GET /api/v1.0/crawling/status HTTP/1.1" 200 109
::1 - - [05/Dec/2023:13:41:03 +0700] "GET /api/v1.0/document_ranking/status HTTP/1.1" 200 18
::1 - - [05/Dec/2023:13:41:03 +0700] "GET /api/v1.0/analytics/top_searched_words?start=0&limit=10 HTTP/1.1" 200 333
::1 - - [05/Dec/2023:13:41:03 +0700] "GET /api/v1.0/accounts/me HTTP/1.1" 200 123
::1 - - [05/Dec/2023:13:41:03 +0700] "GET /api/v1.0/webpages/?query=&limit=20&start=0&sort_pagerank_score=DESC HTTP/1.1" 200 4109
::1 - - [05/Dec/2023:13:41:03 +0700] "GET /api/v1.0/crawling/metrics HTTP/1.1" 200 1013
::1 - - [05/Dec/2023:13:41:04 +0700] "GET /api/v1.0/webpages/?query=&limit=20&start=0&sort_pagerank_score=DESC HTTP/1.1" 200 4109
::1 - - [05/Dec/2023:13:41:03 +0700] "GET /api/v1.0/words/?start=0&limit=20 HTTP/1.1" 200 2085
::1 - - [05/Dec/2023:13:41:04 +0700] "GET /api/v1.0/crawling/status HTTP/1.1" 200 109
::1 - - [05/Dec/2023:13:41:05 +0700] "GET /api/v1.0/document_ranking/status HTTP/1.1" 200 18
::1 - - [05/Dec/2023:13:41:06 +0700] "GET /api/v1.0/crawling/status HTTP/1.1" 200 109
::1 - - [05/Dec/2023:13:41:06 +0700] "GET /api/v1.0/crawling/stop HTTP/1.1" 500 265
::1 - - [05/Dec/2023:13:41:06 +0700] "GET /api/v1.0/crawling/status HTTP/1.1" 200 109
::1 - - [05/Dec/2023:13:41:06 +0700] "GET /api/v1.0/page_ranking/status HTTP/1.1" 200 18
::1 - - [05/Dec/2023:13:41:07 +0700] "GET /api/v1.0/crawling/status HTTP/1.1" 200 109
::1 - - [05/Dec/2023:13:41:07 +0700] "GET /api/v1.0/document_ranking/status HTTP/1.1" 200 18
::1 - - [05/Dec/2023:13:41:08 +0700] "GET /api/v1.0/crawling/status HTTP/1.1" 200 109
::1 - - [05/Dec/2023:13:41:09 +0700] "GET /api/v1.0/crawling/status HTTP/1.1" 200 109
::1 - - [05/Dec/2023:13:41:09 +0700] "GET /api/v1.0/page_ranking/status HTTP/1.1" 200 18
::1 - - [05/Dec/2023:13:41:09 +0700] "GET /api/v1.0/document_ranking/status HTTP/1.1" 200 18
::1 - - [05/Dec/2023:13:41:10 +0700] "GET /api/v1.0/crawling/status HTTP/1.1" 200 109
::1 - - [05/Dec/2023:13:41:11 +0700] "GET /api/v1.0/crawling/status HTTP/1.1" 200 109
::1 - - [05/Dec/2023:13:41:11 +0700] "GET /api/v1.0/document_ranking/status HTTP/1.1" 200 18
::1 - - [05/Dec/2023:13:41:12 +0700] "GET /api/v1.0/crawling/status HTTP/1.1" 200 109
::1 - - [05/Dec/2023:13:41:12 +0700] "GET /api/v1.0/page_ranking/status HTTP/1.1" 200 18
127.0.0.1 - - [05/Dec/2023:13:41:18 +0700] "GET /dashboard/overview HTTP/1.1" 200 423
127.0.0.1 - - [05/Dec/2023:13:41:21 +0700] "GET /assets/index-57e3bd4f.js HTTP/1.1" 304 -
::1 - - [05/Dec/2023:13:41:21 +0700] "GET /assets/index-f1431c9b.css HTTP/1.1" 304 -
::1 - - [05/Dec/2023:13:41:21 +0700] "GET /api/v1.0/accounts/me HTTP/1.1" 200 123
127.0.0.1 - - [05/Dec/2023:13:41:21 +0700] "GET /api/v1.0/page_ranking/status HTTP/1.1" 200 18
::1 - - [05/Dec/2023:13:41:21 +0700] "GET /api/v1.0/crawling/specs HTTP/1.1" 200 21
::1 - - [05/Dec/2023:13:41:21 +0700] "GET /api/v1.0/analytics/top_searched_words?start=0&limit=10 HTTP/1.1" 200 333
::1 - - [05/Dec/2023:13:41:21 +0700] "GET /api/v1.0/document_ranking/status HTTP/1.1" 200 18
::1 - - [05/Dec/2023:13:41:21 +0700] "GET /api/v1.0/crawling/status HTTP/1.1" 200 75
::1 - - [05/Dec/2023:13:41:21 +0700] "GET /assets/one-search-engine-34d098c4.png HTTP/1.1" 304 -
::1 - - [05/Dec/2023:13:41:21 +0700] "GET /api/v1.0/page_ranking/metrics HTTP/1.1" 200 61
::1 - - [05/Dec/2023:13:41:21 +0700] "GET /api/v1.0/page_ranking/status HTTP/1.1" 200 18
::1 - - [05/Dec/2023:13:41:21 +0700] "GET /api/v1.0/crawling/specs HTTP/1.1" 200 21
::1 - - [05/Dec/2023:13:41:21 +0700] "GET /api/v1.0/page_ranking/metrics HTTP/1.1" 200 61
::1 - - [05/Dec/2023:13:41:21 +0700] "GET /api/v1.0/accounts/me HTTP/1.1" 200 123
::1 - - [05/Dec/2023:13:41:22 +0700] "GET /api/v1.0/crawling/status HTTP/1.1" 200 75
::1 - - [05/Dec/2023:13:41:22 +0700] "GET /api/v1.0/document_ranking/status HTTP/1.1" 200 18
::1 - - [05/Dec/2023:13:41:22 +0700] "GET /api/v1.0/analytics/top_searched_words?start=0&limit=10 HTTP/1.1" 200 333
127.0.0.1 - - [05/Dec/2023:13:41:21 +0700] "GET /api/v1.0/webpages/?query=&limit=20&start=0&sort_pagerank_score=DESC HTTP/1.1" 200 4109
::1 - - [05/Dec/2023:13:41:21 +0700] "GET /api/v1.0/words/?start=0&limit=20 HTTP/1.1" 200 2085
::1 - - [05/Dec/2023:13:41:21 +0700] "GET /api/v1.0/crawling/metrics HTTP/1.1" 200 1013
::1 - - [05/Dec/2023:13:41:22 +0700] "GET /api/v1.0/webpages/?query=&limit=20&start=0&sort_pagerank_score=DESC HTTP/1.1" 200 4109
::1 - - [05/Dec/2023:13:41:23 +0700] "GET /api/v1.0/crawling/status HTTP/1.1" 200 75
::1 - - [05/Dec/2023:13:41:24 +0700] "GET /api/v1.0/document_ranking/status HTTP/1.1" 200 18
::1 - - [05/Dec/2023:13:41:24 +0700] "GET /api/v1.0/crawling/status HTTP/1.1" 200 75
::1 - - [05/Dec/2023:13:41:24 +0700] "GET /api/v1.0/page_ranking/status HTTP/1.1" 200 18
::1 - - [05/Dec/2023:13:41:25 +0700] "GET /api/v1.0/crawling/status HTTP/1.1" 200 75
::1 - - [05/Dec/2023:13:41:26 +0700] "GET /api/v1.0/document_ranking/status HTTP/1.1" 200 18
::1 - - [05/Dec/2023:13:41:26 +0700] "GET /api/v1.0/crawling/status HTTP/1.1" 200 75
::1 - - [05/Dec/2023:13:41:27 +0700] "GET /api/v1.0/crawling/status HTTP/1.1" 200 75
::1 - - [05/Dec/2023:13:41:27 +0700] "GET /api/v1.0/page_ranking/status HTTP/1.1" 200 18
::1 - - [05/Dec/2023:13:41:28 +0700] "GET /api/v1.0/document_ranking/status HTTP/1.1" 200 18
::1 - - [05/Dec/2023:13:41:29 +0700] "GET /api/v1.0/crawling/start?threads=7&duration=60 HTTP/1.1" 200 31
::1 - - [05/Dec/2023:13:41:29 +0700] "GET /api/v1.0/crawling/status HTTP/1.1" 200 105
::1 - - [05/Dec/2023:13:41:29 +0700] "GET /api/v1.0/crawling/status HTTP/1.1" 200 105
::1 - - [05/Dec/2023:13:41:30 +0700] "GET /api/v1.0/document_ranking/status HTTP/1.1" 200 18
::1 - - [05/Dec/2023:13:41:30 +0700] "GET /api/v1.0/crawling/status HTTP/1.1" 200 105
::1 - - [05/Dec/2023:13:41:30 +0700] "GET /api/v1.0/page_ranking/status HTTP/1.1" 200 18
::1 - - [05/Dec/2023:13:41:31 +0700] "GET /api/v1.0/crawling/status HTTP/1.1" 200 105
::1 - - [05/Dec/2023:13:41:32 +0700] "GET /api/v1.0/document_ranking/status HTTP/1.1" 200 18
::1 - - [05/Dec/2023:13:41:32 +0700] "GET /api/v1.0/crawling/status HTTP/1.1" 200 105
::1 - - [05/Dec/2023:13:41:33 +0700] "GET /api/v1.0/crawling/status HTTP/1.1" 200 105
::1 - - [05/Dec/2023:13:41:33 +0700] "GET /api/v1.0/page_ranking/status HTTP/1.1" 200 18
::1 - - [05/Dec/2023:13:41:34 +0700] "GET /api/v1.0/document_ranking/status HTTP/1.1" 200 18
::1 - - [05/Dec/2023:13:41:34 +0700] "GET /api/v1.0/crawling/status HTTP/1.1" 200 105
::1 - - [05/Dec/2023:13:41:35 +0700] "GET /api/v1.0/crawling/status HTTP/1.1" 200 105
::1 - - [05/Dec/2023:13:41:36 +0700] "GET /api/v1.0/document_ranking/status HTTP/1.1" 200 18
::1 - - [05/Dec/2023:13:41:36 +0700] "GET /api/v1.0/crawling/status HTTP/1.1" 200 105
::1 - - [05/Dec/2023:13:41:37 +0700] "GET /api/v1.0/page_ranking/status HTTP/1.1" 200 18
::1 - - [05/Dec/2023:13:41:37 +0700] "GET /api/v1.0/crawling/status HTTP/1.1" 200 105
::1 - - [05/Dec/2023:13:41:38 +0700] "GET /api/v1.0/document_ranking/status HTTP/1.1" 200 18
::1 - - [05/Dec/2023:13:41:38 +0700] "GET /api/v1.0/crawling/status HTTP/1.1" 200 105
::1 - - [05/Dec/2023:13:41:39 +0700] "GET /api/v1.0/crawling/status HTTP/1.1" 200 105
::1 - - [05/Dec/2023:13:41:40 +0700] "GET /api/v1.0/page_ranking/status HTTP/1.1" 200 18
::1 - - [05/Dec/2023:13:41:40 +0700] "GET /api/v1.0/document_ranking/status HTTP/1.1" 200 18
::1 - - [05/Dec/2023:13:41:40 +0700] "GET /api/v1.0/crawling/status HTTP/1.1" 200 105
::1 - - [05/Dec/2023:13:41:41 +0700] "GET /api/v1.0/crawling/status HTTP/1.1" 200 105
::1 - - [05/Dec/2023:13:41:42 +0700] "GET /api/v1.0/document_ranking/status HTTP/1.1" 200 18
::1 - - [05/Dec/2023:13:41:42 +0700] "GET /api/v1.0/crawling/status HTTP/1.1" 200 105
::1 - - [05/Dec/2023:13:41:43 +0700] "GET /api/v1.0/page_ranking/status HTTP/1.1" 200 18
::1 - - [05/Dec/2023:13:41:43 +0700] "GET /api/v1.0/crawling/status HTTP/1.1" 200 105
::1 - - [05/Dec/2023:13:41:44 +0700] "GET /api/v1.0/document_ranking/status HTTP/1.1" 200 18
::1 - - [05/Dec/2023:13:41:44 +0700] "GET /api/v1.0/crawling/status HTTP/1.1" 200 105
::1 - - [05/Dec/2023:13:41:45 +0700] "GET /api/v1.0/crawling/status HTTP/1.1" 200 105
::1 - - [05/Dec/2023:13:41:46 +0700] "GET /api/v1.0/page_ranking/status HTTP/1.1" 200 18
::1 - - [05/Dec/2023:13:41:46 +0700] "GET /api/v1.0/document_ranking/status HTTP/1.1" 200 18
::1 - - [05/Dec/2023:13:41:46 +0700] "GET /api/v1.0/crawling/status HTTP/1.1" 200 105
::1 - - [05/Dec/2023:13:41:47 +0700] "GET /api/v1.0/crawling/status HTTP/1.1" 200 105
::1 - - [05/Dec/2023:13:41:48 +0700] "GET /api/v1.0/document_ranking/status HTTP/1.1" 200 18
::1 - - [05/Dec/2023:13:41:48 +0700] "GET /api/v1.0/crawling/status HTTP/1.1" 200 105
::1 - - [05/Dec/2023:13:41:49 +0700] "GET /api/v1.0/page_ranking/status HTTP/1.1" 200 18
::1 - - [05/Dec/2023:13:41:49 +0700] "GET /api/v1.0/crawling/status HTTP/1.1" 200 105
::1 - - [05/Dec/2023:13:41:50 +0700] "GET /api/v1.0/document_ranking/status HTTP/1.1" 200 18
::1 - - [05/Dec/2023:13:41:50 +0700] "GET /api/v1.0/crawling/status HTTP/1.1" 200 105
::1 - - [05/Dec/2023:13:41:51 +0700] "GET /api/v1.0/crawling/status HTTP/1.1" 200 105
::1 - - [05/Dec/2023:13:41:52 +0700] "GET /api/v1.0/page_ranking/status HTTP/1.1" 200 18
::1 - - [05/Dec/2023:13:41:52 +0700] "GET /api/v1.0/document_ranking/status HTTP/1.1" 200 18
::1 - - [05/Dec/2023:13:41:53 +0700] "GET /api/v1.0/crawling/status HTTP/1.1" 200 105
::1 - - [05/Dec/2023:13:41:54 +0700] "GET /api/v1.0/crawling/status HTTP/1.1" 200 105
::1 - - [05/Dec/2023:13:41:54 +0700] "GET /api/v1.0/document_ranking/status HTTP/1.1" 200 18
::1 - - [05/Dec/2023:13:41:55 +0700] "GET /api/v1.0/crawling/status HTTP/1.1" 200 105
::1 - - [05/Dec/2023:13:41:55 +0700] "GET /api/v1.0/page_ranking/status HTTP/1.1" 200 18
::1 - - [05/Dec/2023:13:41:56 +0700] "GET /api/v1.0/crawling/status HTTP/1.1" 200 105
::1 - - [05/Dec/2023:13:41:56 +0700] "GET /api/v1.0/document_ranking/status HTTP/1.1" 200 18
::1 - - [05/Dec/2023:13:41:57 +0700] "GET /api/v1.0/crawling/status HTTP/1.1" 200 105
::1 - - [05/Dec/2023:13:41:58 +0700] "GET /api/v1.0/crawling/status HTTP/1.1" 200 105
::1 - - [05/Dec/2023:13:41:58 +0700] "GET /api/v1.0/page_ranking/status HTTP/1.1" 200 18
::1 - - [05/Dec/2023:13:41:58 +0700] "GET /api/v1.0/document_ranking/status HTTP/1.1" 200 18
::1 - - [05/Dec/2023:13:41:59 +0700] "GET /api/v1.0/crawling/status HTTP/1.1" 200 105
::1 - - [05/Dec/2023:13:42:00 +0700] "GET /api/v1.0/crawling/status HTTP/1.1" 200 105
::1 - - [05/Dec/2023:13:42:00 +0700] "GET /api/v1.0/document_ranking/status HTTP/1.1" 200 18
::1 - - [05/Dec/2023:13:42:01 +0700] "GET /api/v1.0/crawling/status HTTP/1.1" 200 105
::1 - - [05/Dec/2023:13:42:01 +0700] "GET /api/v1.0/page_ranking/status HTTP/1.1" 200 18
::1 - - [05/Dec/2023:13:42:02 +0700] "GET /api/v1.0/crawling/status HTTP/1.1" 200 105
::1 - - [05/Dec/2023:13:42:02 +0700] "GET /api/v1.0/document_ranking/status HTTP/1.1" 200 18
::1 - - [05/Dec/2023:13:42:03 +0700] "GET /api/v1.0/crawling/status HTTP/1.1" 200 105
::1 - - [05/Dec/2023:13:42:04 +0700] "GET /api/v1.0/accounts/me HTTP/1.1" 200 123
::1 - - [05/Dec/2023:13:42:04 +0700] "GET /api/v1.0/page_ranking/status HTTP/1.1" 200 18
::1 - - [05/Dec/2023:13:42:04 +0700] "GET /api/v1.0/crawling/status HTTP/1.1" 200 105
::1 - - [05/Dec/2023:13:42:04 +0700] "GET /api/v1.0/crawling/specs HTTP/1.1" 200 21
::1 - - [05/Dec/2023:13:42:04 +0700] "GET /api/v1.0/document_ranking/status HTTP/1.1" 200 18
::1 - - [05/Dec/2023:13:42:04 +0700] "GET /api/v1.0/analytics/top_searched_words?start=0&limit=10 HTTP/1.1" 200 333
::1 - - [05/Dec/2023:13:42:04 +0700] "GET /api/v1.0/page_ranking/metrics HTTP/1.1" 200 61
::1 - - [05/Dec/2023:13:42:04 +0700] "GET /api/v1.0/webpages/?query=&limit=20&start=0&sort_pagerank_score=DESC HTTP/1.1" 200 4109
::1 - - [05/Dec/2023:13:42:04 +0700] "GET /api/v1.0/crawling/metrics HTTP/1.1" 200 1013
::1 - - [05/Dec/2023:13:42:04 +0700] "GET /api/v1.0/words/?start=0&limit=20 HTTP/1.1" 200 2085
::1 - - [05/Dec/2023:13:42:04 +0700] "GET /api/v1.0/webpages/?query=&limit=20&start=0&sort_pagerank_score=DESC HTTP/1.1" 200 4109
::1 - - [05/Dec/2023:13:42:05 +0700] "GET /api/v1.0/crawling/status HTTP/1.1" 200 105
::1 - - [05/Dec/2023:13:42:05 +0700] "GET /dashboard/overview HTTP/1.1" 304 -
::1 - - [05/Dec/2023:13:42:05 +0700] "GET /assets/index-57e3bd4f.js HTTP/1.1" 304 -
::1 - - [05/Dec/2023:13:42:05 +0700] "GET /assets/index-f1431c9b.css HTTP/1.1" 304 -
::1 - - [05/Dec/2023:13:42:05 +0700] "GET /assets/one-search-engine-34d098c4.png HTTP/1.1" 304 -
::1 - - [05/Dec/2023:13:42:05 +0700] "GET /api/v1.0/accounts/me HTTP/1.1" 200 123
::1 - - [05/Dec/2023:13:42:05 +0700] "GET /api/v1.0/page_ranking/status HTTP/1.1" 200 18
::1 - - [05/Dec/2023:13:42:05 +0700] "GET /api/v1.0/crawling/specs HTTP/1.1" 200 21
::1 - - [05/Dec/2023:13:42:05 +0700] "GET /api/v1.0/crawling/status HTTP/1.1" 200 105
::1 - - [05/Dec/2023:13:42:05 +0700] "GET /api/v1.0/analytics/top_searched_words?start=0&limit=10 HTTP/1.1" 200 333
::1 - - [05/Dec/2023:13:42:05 +0700] "GET /api/v1.0/document_ranking/status HTTP/1.1" 200 18
::1 - - [05/Dec/2023:13:42:05 +0700] "GET /api/v1.0/page_ranking/metrics HTTP/1.1" 200 61
::1 - - [05/Dec/2023:13:42:05 +0700] "GET /api/v1.0/webpages/?query=&limit=20&start=0&sort_pagerank_score=DESC HTTP/1.1" 200 4109
::1 - - [05/Dec/2023:13:42:05 +0700] "GET /api/v1.0/crawling/metrics HTTP/1.1" 200 1013
::1 - - [05/Dec/2023:13:42:05 +0700] "GET /api/v1.0/words/?start=0&limit=20 HTTP/1.1" 200 2085
::1 - - [05/Dec/2023:13:42:05 +0700] "GET /api/v1.0/webpages/?query=&limit=20&start=0&sort_pagerank_score=DESC HTTP/1.1" 200 4109
::1 - - [05/Dec/2023:13:42:06 +0700] "GET /api/v1.0/crawling/status HTTP/1.1" 200 105
::1 - - [05/Dec/2023:13:42:07 +0700] "GET /api/v1.0/document_ranking/status HTTP/1.1" 200 18
::1 - - [05/Dec/2023:13:42:07 +0700] "GET /api/v1.0/crawling/status HTTP/1.1" 200 105
::1 - - [05/Dec/2023:13:42:08 +0700] "GET /api/v1.0/page_ranking/status HTTP/1.1" 200 18
::1 - - [05/Dec/2023:13:42:08 +0700] "GET /api/v1.0/crawling/status HTTP/1.1" 200 105
::1 - - [05/Dec/2023:13:42:09 +0700] "GET /api/v1.0/document_ranking/status HTTP/1.1" 200 18
::1 - - [05/Dec/2023:13:42:09 +0700] "GET /api/v1.0/crawling/status HTTP/1.1" 200 105
::1 - - [05/Dec/2023:13:42:10 +0700] "GET /api/v1.0/crawling/status HTTP/1.1" 200 105
::1 - - [05/Dec/2023:13:42:11 +0700] "GET /api/v1.0/page_ranking/status HTTP/1.1" 200 18
::1 - - [05/Dec/2023:13:42:11 +0700] "GET /api/v1.0/document_ranking/status HTTP/1.1" 200 18
::1 - - [05/Dec/2023:13:42:11 +0700] "GET /api/v1.0/crawling/status HTTP/1.1" 200 105
::1 - - [05/Dec/2023:13:42:12 +0700] "GET /api/v1.0/crawling/status HTTP/1.1" 200 105
::1 - - [05/Dec/2023:13:42:13 +0700] "GET /api/v1.0/document_ranking/status HTTP/1.1" 200 18
::1 - - [05/Dec/2023:13:42:13 +0700] "GET /api/v1.0/crawling/status HTTP/1.1" 200 105
::1 - - [05/Dec/2023:13:42:14 +0700] "GET /api/v1.0/page_ranking/status HTTP/1.1" 200 18
::1 - - [05/Dec/2023:13:42:14 +0700] "GET /api/v1.0/crawling/status HTTP/1.1" 200 105
::1 - - [05/Dec/2023:13:42:15 +0700] "GET /api/v1.0/document_ranking/status HTTP/1.1" 200 18
::1 - - [05/Dec/2023:13:42:15 +0700] "GET /api/v1.0/crawling/status HTTP/1.1" 200 105
::1 - - [05/Dec/2023:13:42:16 +0700] "GET /api/v1.0/crawling/status HTTP/1.1" 200 105
::1 - - [05/Dec/2023:13:42:17 +0700] "GET /api/v1.0/page_ranking/status HTTP/1.1" 200 18
::1 - - [05/Dec/2023:13:42:17 +0700] "GET /api/v1.0/document_ranking/status HTTP/1.1" 200 18
::1 - - [05/Dec/2023:13:42:17 +0700] "GET /api/v1.0/crawling/status HTTP/1.1" 200 105
::1 - - [05/Dec/2023:13:42:18 +0700] "GET /api/v1.0/crawling/status HTTP/1.1" 200 105
::1 - - [05/Dec/2023:13:42:19 +0700] "GET /api/v1.0/document_ranking/status HTTP/1.1" 200 18
::1 - - [05/Dec/2023:13:42:19 +0700] "GET /api/v1.0/crawling/status HTTP/1.1" 200 105
::1 - - [05/Dec/2023:13:42:20 +0700] "GET /api/v1.0/page_ranking/status HTTP/1.1" 200 18
::1 - - [05/Dec/2023:13:42:20 +0700] "GET /api/v1.0/crawling/status HTTP/1.1" 200 105
::1 - - [05/Dec/2023:13:42:21 +0700] "GET /api/v1.0/document_ranking/status HTTP/1.1" 200 18
::1 - - [05/Dec/2023:13:42:21 +0700] "GET /api/v1.0/crawling/status HTTP/1.1" 200 105
::1 - - [05/Dec/2023:13:42:22 +0700] "GET /api/v1.0/crawling/status HTTP/1.1" 200 105
::1 - - [05/Dec/2023:13:42:23 +0700] "GET /api/v1.0/page_ranking/status HTTP/1.1" 200 18
::1 - - [05/Dec/2023:13:42:23 +0700] "GET /api/v1.0/document_ranking/status HTTP/1.1" 200 18
::1 - - [05/Dec/2023:13:42:23 +0700] "GET /api/v1.0/crawling/status HTTP/1.1" 200 105
::1 - - [05/Dec/2023:13:42:24 +0700] "GET /api/v1.0/crawling/status HTTP/1.1" 200 105
::1 - - [05/Dec/2023:13:42:25 +0700] "GET /api/v1.0/document_ranking/status HTTP/1.1" 200 18
::1 - - [05/Dec/2023:13:42:25 +0700] "GET /api/v1.0/crawling/status HTTP/1.1" 200 105
::1 - - [05/Dec/2023:13:42:26 +0700] "GET /api/v1.0/page_ranking/status HTTP/1.1" 200 18
::1 - - [05/Dec/2023:13:42:26 +0700] "GET /api/v1.0/crawling/status HTTP/1.1" 200 105
::1 - - [05/Dec/2023:13:42:27 +0700] "GET /api/v1.0/document_ranking/status HTTP/1.1" 200 18
::1 - - [05/Dec/2023:13:42:27 +0700] "GET /api/v1.0/crawling/status HTTP/1.1" 200 105
::1 - - [05/Dec/2023:13:42:28 +0700] "GET /api/v1.0/crawling/status HTTP/1.1" 200 105
::1 - - [05/Dec/2023:13:42:29 +0700] "GET /api/v1.0/page_ranking/status HTTP/1.1" 200 18
::1 - - [05/Dec/2023:13:42:29 +0700] "GET /api/v1.0/document_ranking/status HTTP/1.1" 200 18
::1 - - [05/Dec/2023:13:42:29 +0700] "GET /api/v1.0/crawling/status HTTP/1.1" 200 105
::1 - - [05/Dec/2023:13:42:30 +0700] "GET /api/v1.0/crawling/status HTTP/1.1" 200 105
::1 - - [05/Dec/2023:13:42:31 +0700] "GET /api/v1.0/document_ranking/status HTTP/1.1" 200 18
::1 - - [05/Dec/2023:13:42:31 +0700] "GET /api/v1.0/crawling/status HTTP/1.1" 200 105
::1 - - [05/Dec/2023:13:42:32 +0700] "GET /api/v1.0/page_ranking/status HTTP/1.1" 200 18
::1 - - [05/Dec/2023:13:42:32 +0700] "GET /api/v1.0/accounts/me HTTP/1.1" 200 123
::1 - - [05/Dec/2023:13:42:32 +0700] "GET /api/v1.0/crawling/specs HTTP/1.1" 200 21
::1 - - [05/Dec/2023:13:42:32 +0700] "GET /api/v1.0/crawling/status HTTP/1.1" 200 105
::1 - - [05/Dec/2023:13:42:32 +0700] "GET /api/v1.0/document_ranking/status HTTP/1.1" 200 18
::1 - - [05/Dec/2023:13:42:32 +0700] "GET /api/v1.0/analytics/top_searched_words?start=0&limit=10 HTTP/1.1" 200 333
::1 - - [05/Dec/2023:13:42:32 +0700] "GET /api/v1.0/page_ranking/metrics HTTP/1.1" 200 61
::1 - - [05/Dec/2023:13:42:32 +0700] "GET /api/v1.0/webpages/?query=&limit=20&start=0&sort_pagerank_score=DESC HTTP/1.1" 200 4109
::1 - - [05/Dec/2023:13:42:32 +0700] "GET /api/v1.0/crawling/metrics HTTP/1.1" 200 1013
::1 - - [05/Dec/2023:13:42:32 +0700] "GET /api/v1.0/words/?start=0&limit=20 HTTP/1.1" 200 2085
::1 - - [05/Dec/2023:13:42:33 +0700] "GET /api/v1.0/crawling/specs HTTP/1.1" 200 21
::1 - - [05/Dec/2023:13:42:33 +0700] "GET /api/v1.0/accounts/me HTTP/1.1" 200 123
::1 - - [05/Dec/2023:13:42:33 +0700] "GET /api/v1.0/page_ranking/status HTTP/1.1" 200 18
::1 - - [05/Dec/2023:13:42:33 +0700] "GET /api/v1.0/crawling/status HTTP/1.1" 200 105
::1 - - [05/Dec/2023:13:42:33 +0700] "GET /api/v1.0/document_ranking/status HTTP/1.1" 200 18
::1 - - [05/Dec/2023:13:42:33 +0700] "GET /api/v1.0/analytics/top_searched_words?start=0&limit=10 HTTP/1.1" 200 333
::1 - - [05/Dec/2023:13:42:32 +0700] "GET /api/v1.0/webpages/?query=&limit=20&start=0&sort_pagerank_score=DESC HTTP/1.1" 200 4109
::1 - - [05/Dec/2023:13:42:33 +0700] "GET /api/v1.0/page_ranking/metrics HTTP/1.1" 200 61
::1 - - [05/Dec/2023:13:42:33 +0700] "GET /api/v1.0/webpages/?query=&limit=20&start=0&sort_pagerank_score=DESC HTTP/1.1" 200 4109
::1 - - [05/Dec/2023:13:42:33 +0700] "GET /api/v1.0/crawling/metrics HTTP/1.1" 200 1013
::1 - - [05/Dec/2023:13:42:33 +0700] "GET /api/v1.0/words/?start=0&limit=20 HTTP/1.1" 200 2085
::1 - - [05/Dec/2023:13:42:33 +0700] "GET /api/v1.0/crawling/stop HTTP/1.1" 200 22
::1 - - [05/Dec/2023:13:42:33 +0700] "GET /api/v1.0/crawling/status HTTP/1.1" 200 75
::1 - - [05/Dec/2023:13:42:34 +0700] "GET /api/v1.0/crawling/status HTTP/1.1" 200 75
::1 - - [05/Dec/2023:13:42:35 +0700] "GET /api/v1.0/document_ranking/status HTTP/1.1" 200 18
::1 - - [05/Dec/2023:13:42:35 +0700] "GET /dashboard/overview HTTP/1.1" 304 -
::1 - - [05/Dec/2023:13:42:35 +0700] "GET /assets/index-57e3bd4f.js HTTP/1.1" 304 -
::1 - - [05/Dec/2023:13:42:35 +0700] "GET /assets/index-f1431c9b.css HTTP/1.1" 304 -
::1 - - [05/Dec/2023:13:42:35 +0700] "GET /assets/one-search-engine-34d098c4.png HTTP/1.1" 304 -
::1 - - [05/Dec/2023:13:42:35 +0700] "GET /api/v1.0/accounts/me HTTP/1.1" 200 123
::1 - - [05/Dec/2023:13:42:35 +0700] "GET /api/v1.0/page_ranking/status HTTP/1.1" 200 18
::1 - - [05/Dec/2023:13:42:35 +0700] "GET /api/v1.0/crawling/specs HTTP/1.1" 200 21
::1 - - [05/Dec/2023:13:42:35 +0700] "GET /api/v1.0/crawling/status HTTP/1.1" 200 75
::1 - - [05/Dec/2023:13:42:35 +0700] "GET /api/v1.0/document_ranking/status HTTP/1.1" 200 18
::1 - - [05/Dec/2023:13:42:35 +0700] "GET /api/v1.0/analytics/top_searched_words?start=0&limit=10 HTTP/1.1" 200 333
::1 - - [05/Dec/2023:13:42:35 +0700] "GET /api/v1.0/page_ranking/metrics HTTP/1.1" 200 61
::1 - - [05/Dec/2023:13:42:35 +0700] "GET /api/v1.0/webpages/?query=&limit=20&start=0&sort_pagerank_score=DESC HTTP/1.1" 200 4109
::1 - - [05/Dec/2023:13:42:35 +0700] "GET /api/v1.0/crawling/metrics HTTP/1.1" 200 1013
::1 - - [05/Dec/2023:13:42:35 +0700] "GET /api/v1.0/words/?start=0&limit=20 HTTP/1.1" 200 2085
::1 - - [05/Dec/2023:13:42:35 +0700] "GET /api/v1.0/webpages/?query=&limit=20&start=0&sort_pagerank_score=DESC HTTP/1.1" 200 4109
::1 - - [05/Dec/2023:13:42:36 +0700] "GET /api/v1.0/crawling/status HTTP/1.1" 200 75
::1 - - [05/Dec/2023:13:42:37 +0700] "GET /api/v1.0/page_ranking/status HTTP/1.1" 200 18
::1 - - [05/Dec/2023:13:42:37 +0700] "GET /api/v1.0/crawling/specs HTTP/1.1" 200 21
::1 - - [05/Dec/2023:13:42:37 +0700] "GET /api/v1.0/crawling/status HTTP/1.1" 200 75
::1 - - [05/Dec/2023:13:42:37 +0700] "GET /api/v1.0/accounts/me HTTP/1.1" 200 123
::1 - - [05/Dec/2023:13:42:37 +0700] "GET /api/v1.0/document_ranking/status HTTP/1.1" 200 18
::1 - - [05/Dec/2023:13:42:37 +0700] "GET /api/v1.0/analytics/top_searched_words?start=0&limit=10 HTTP/1.1" 200 333
::1 - - [05/Dec/2023:13:42:37 +0700] "GET /api/v1.0/page_ranking/metrics HTTP/1.1" 200 61
::1 - - [05/Dec/2023:13:42:37 +0700] "GET /api/v1.0/webpages/?query=&limit=20&start=0&sort_pagerank_score=DESC HTTP/1.1" 200 4109
::1 - - [05/Dec/2023:13:42:37 +0700] "GET /api/v1.0/crawling/metrics HTTP/1.1" 200 1013
::1 - - [05/Dec/2023:13:42:37 +0700] "GET /api/v1.0/words/?start=0&limit=20 HTTP/1.1" 200 2085
::1 - - [05/Dec/2023:13:42:37 +0700] "GET /api/v1.0/webpages/?query=&limit=20&start=0&sort_pagerank_score=DESC HTTP/1.1" 200 4109
::1 - - [05/Dec/2023:13:42:38 +0700] "GET /api/v1.0/crawling/status HTTP/1.1" 200 75
::1 - - [05/Dec/2023:13:42:39 +0700] "GET /api/v1.0/document_ranking/status HTTP/1.1" 200 18
::1 - - [05/Dec/2023:13:42:39 +0700] "GET /api/v1.0/crawling/status HTTP/1.1" 200 75
::1 - - [05/Dec/2023:13:42:40 +0700] "GET /api/v1.0/page_ranking/status HTTP/1.1" 200 18
::1 - - [05/Dec/2023:13:42:40 +0700] "GET /api/v1.0/crawling/status HTTP/1.1" 200 75
::1 - - [05/Dec/2023:13:42:41 +0700] "GET /api/v1.0/document_ranking/status HTTP/1.1" 200 18
::1 - - [05/Dec/2023:13:42:41 +0700] "GET /api/v1.0/crawling/status HTTP/1.1" 200 75
::1 - - [05/Dec/2023:13:42:42 +0700] "GET /api/v1.0/crawling/status HTTP/1.1" 200 75
::1 - - [05/Dec/2023:13:42:43 +0700] "GET /api/v1.0/page_ranking/status HTTP/1.1" 200 18
::1 - - [05/Dec/2023:13:42:43 +0700] "GET /api/v1.0/document_ranking/status HTTP/1.1" 200 18
::1 - - [05/Dec/2023:13:42:43 +0700] "GET /api/v1.0/crawling/status HTTP/1.1" 200 75
::1 - - [05/Dec/2023:13:42:43 +0700] "GET /api/v1.0/crawling/start?threads=3&duration=60 HTTP/1.1" 200 31
::1 - - [05/Dec/2023:13:42:43 +0700] "GET /api/v1.0/crawling/status HTTP/1.1" 200 109
::1 - - [05/Dec/2023:13:42:44 +0700] "GET /api/v1.0/crawling/status HTTP/1.1" 200 109
::1 - - [05/Dec/2023:13:42:45 +0700] "GET /api/v1.0/document_ranking/status HTTP/1.1" 200 18
::1 - - [05/Dec/2023:13:42:45 +0700] "GET /api/v1.0/crawling/status HTTP/1.1" 200 109
::1 - - [05/Dec/2023:13:42:46 +0700] "GET /api/v1.0/page_ranking/status HTTP/1.1" 200 18
::1 - - [05/Dec/2023:13:42:46 +0700] "GET /api/v1.0/page_ranking/status HTTP/1.1" 200 18
::1 - - [05/Dec/2023:13:42:46 +0700] "GET /api/v1.0/crawling/specs HTTP/1.1" 200 21
::1 - - [05/Dec/2023:13:42:46 +0700] "GET /api/v1.0/crawling/status HTTP/1.1" 200 109
::1 - - [05/Dec/2023:13:42:46 +0700] "GET /api/v1.0/analytics/top_searched_words?start=0&limit=10 HTTP/1.1" 200 333
::1 - - [05/Dec/2023:13:42:46 +0700] "GET /api/v1.0/accounts/me HTTP/1.1" 200 123
::1 - - [05/Dec/2023:13:42:46 +0700] "GET /api/v1.0/document_ranking/status HTTP/1.1" 200 18
::1 - - [05/Dec/2023:13:42:46 +0700] "GET /api/v1.0/page_ranking/metrics HTTP/1.1" 200 61
::1 - - [05/Dec/2023:13:42:46 +0700] "GET /api/v1.0/webpages/?query=&limit=20&start=0&sort_pagerank_score=DESC HTTP/1.1" 200 4109
::1 - - [05/Dec/2023:13:42:46 +0700] "GET /api/v1.0/crawling/metrics HTTP/1.1" 200 1013
::1 - - [05/Dec/2023:13:42:47 +0700] "GET /api/v1.0/webpages/?query=&limit=20&start=0&sort_pagerank_score=DESC HTTP/1.1" 200 4109
::1 - - [05/Dec/2023:13:42:46 +0700] "GET /api/v1.0/words/?start=0&limit=20 HTTP/1.1" 200 2085
::1 - - [05/Dec/2023:13:42:47 +0700] "GET /api/v1.0/crawling/stop HTTP/1.1" 200 22
::1 - - [05/Dec/2023:13:42:47 +0700] "GET /api/v1.0/crawling/status HTTP/1.1" 200 75
::1 - - [05/Dec/2023:13:42:48 +0700] "GET /api/v1.0/crawling/status HTTP/1.1" 200 75
::1 - - [05/Dec/2023:13:42:48 +0700] "GET /api/v1.0/document_ranking/status HTTP/1.1" 200 18
::1 - - [05/Dec/2023:13:42:49 +0700] "GET /api/v1.0/page_ranking/status HTTP/1.1" 200 18
::1 - - [05/Dec/2023:13:42:49 +0700] "GET /api/v1.0/crawling/specs HTTP/1.1" 200 21
::1 - - [05/Dec/2023:13:42:49 +0700] "GET /api/v1.0/crawling/status HTTP/1.1" 200 75
::1 - - [05/Dec/2023:13:42:49 +0700] "GET /api/v1.0/accounts/me HTTP/1.1" 200 123
::1 - - [05/Dec/2023:13:42:49 +0700] "GET /api/v1.0/document_ranking/status HTTP/1.1" 200 18
::1 - - [05/Dec/2023:13:42:49 +0700] "GET /api/v1.0/analytics/top_searched_words?start=0&limit=10 HTTP/1.1" 200 333
::1 - - [05/Dec/2023:13:42:49 +0700] "GET /api/v1.0/page_ranking/metrics HTTP/1.1" 200 61
::1 - - [05/Dec/2023:13:42:49 +0700] "GET /api/v1.0/webpages/?query=&limit=20&start=0&sort_pagerank_score=DESC HTTP/1.1" 200 4109
::1 - - [05/Dec/2023:13:42:49 +0700] "GET /api/v1.0/crawling/metrics HTTP/1.1" 200 1013
::1 - - [05/Dec/2023:13:42:49 +0700] "GET /api/v1.0/words/?start=0&limit=20 HTTP/1.1" 200 2085
::1 - - [05/Dec/2023:13:42:49 +0700] "GET /api/v1.0/webpages/?query=&limit=20&start=0&sort_pagerank_score=DESC HTTP/1.1" 200 4109
::1 - - [05/Dec/2023:13:42:50 +0700] "GET /api/v1.0/crawling/status HTTP/1.1" 200 75
::1 - - [05/Dec/2023:13:42:51 +0700] "GET /api/v1.0/document_ranking/status HTTP/1.1" 200 18
::1 - - [05/Dec/2023:13:42:51 +0700] "GET /api/v1.0/crawling/status HTTP/1.1" 200 75
::1 - - [05/Dec/2023:13:42:52 +0700] "GET /api/v1.0/page_ranking/status HTTP/1.1" 200 18
::1 - - [05/Dec/2023:13:42:52 +0700] "GET /api/v1.0/crawling/status HTTP/1.1" 200 75
::1 - - [05/Dec/2023:13:42:53 +0700] "GET /api/v1.0/document_ranking/status HTTP/1.1" 200 18
::1 - - [05/Dec/2023:13:42:53 +0700] "GET /api/v1.0/crawling/status HTTP/1.1" 200 75
::1 - - [05/Dec/2023:13:42:54 +0700] "GET /api/v1.0/crawling/status HTTP/1.1" 200 75
::1 - - [05/Dec/2023:13:42:55 +0700] "GET /api/v1.0/page_ranking/status HTTP/1.1" 200 18
::1 - - [05/Dec/2023:13:42:55 +0700] "GET /api/v1.0/document_ranking/status HTTP/1.1" 200 18
::1 - - [05/Dec/2023:13:42:55 +0700] "GET /api/v1.0/crawling/status HTTP/1.1" 200 75
::1 - - [05/Dec/2023:13:42:56 +0700] "GET /api/v1.0/crawling/status HTTP/1.1" 200 75
::1 - - [05/Dec/2023:13:42:57 +0700] "GET /api/v1.0/document_ranking/status HTTP/1.1" 200 18
::1 - - [05/Dec/2023:13:42:57 +0700] "GET /api/v1.0/crawling/status HTTP/1.1" 200 75
::1 - - [05/Dec/2023:13:42:58 +0700] "GET /api/v1.0/page_ranking/status HTTP/1.1" 200 18
::1 - - [05/Dec/2023:13:42:58 +0700] "GET /api/v1.0/crawling/status HTTP/1.1" 200 75
::1 - - [05/Dec/2023:13:42:59 +0700] "GET /api/v1.0/document_ranking/status HTTP/1.1" 200 18
::1 - - [05/Dec/2023:13:42:59 +0700] "GET /api/v1.0/crawling/status HTTP/1.1" 200 75
::1 - - [05/Dec/2023:13:43:00 +0700] "GET /api/v1.0/crawling/status HTTP/1.1" 200 75
::1 - - [05/Dec/2023:13:43:01 +0700] "GET /api/v1.0/page_ranking/status HTTP/1.1" 200 18
::1 - - [05/Dec/2023:13:43:01 +0700] "GET /api/v1.0/document_ranking/status HTTP/1.1" 200 18
::1 - - [05/Dec/2023:13:43:01 +0700] "GET /api/v1.0/crawling/status HTTP/1.1" 200 75
::1 - - [05/Dec/2023:13:43:02 +0700] "GET /api/v1.0/crawling/status HTTP/1.1" 200 75
::1 - - [05/Dec/2023:13:43:03 +0700] "GET /api/v1.0/document_ranking/status HTTP/1.1" 200 18
::1 - - [05/Dec/2023:13:43:03 +0700] "GET /api/v1.0/crawling/status HTTP/1.1" 200 75
::1 - - [05/Dec/2023:13:43:04 +0700] "GET /api/v1.0/page_ranking/status HTTP/1.1" 200 18
::1 - - [05/Dec/2023:13:43:04 +0700] "GET /api/v1.0/crawling/status HTTP/1.1" 200 75
::1 - - [05/Dec/2023:13:43:05 +0700] "GET /api/v1.0/document_ranking/status HTTP/1.1" 200 18
::1 - - [05/Dec/2023:13:43:05 +0700] "GET /api/v1.0/crawling/status HTTP/1.1" 200 75
::1 - - [05/Dec/2023:13:43:06 +0700] "GET /api/v1.0/crawling/status HTTP/1.1" 200 75
::1 - - [05/Dec/2023:13:43:07 +0700] "GET /api/v1.0/page_ranking/status HTTP/1.1" 200 18
::1 - - [05/Dec/2023:13:43:07 +0700] "GET /api/v1.0/document_ranking/status HTTP/1.1" 200 18
::1 - - [05/Dec/2023:13:43:07 +0700] "GET /api/v1.0/crawling/status HTTP/1.1" 200 75
::1 - - [05/Dec/2023:13:43:08 +0700] "GET /api/v1.0/crawling/status HTTP/1.1" 200 75
::1 - - [05/Dec/2023:13:43:09 +0700] "GET /api/v1.0/document_ranking/status HTTP/1.1" 200 18
::1 - - [05/Dec/2023:13:43:09 +0700] "GET /api/v1.0/crawling/status HTTP/1.1" 200 75
::1 - - [05/Dec/2023:13:43:10 +0700] "GET /api/v1.0/page_ranking/status HTTP/1.1" 200 18
::1 - - [05/Dec/2023:13:43:10 +0700] "GET /api/v1.0/crawling/status HTTP/1.1" 200 75
::1 - - [05/Dec/2023:13:43:11 +0700] "GET /api/v1.0/document_ranking/status HTTP/1.1" 200 18
::1 - - [05/Dec/2023:13:43:11 +0700] "GET /api/v1.0/crawling/status HTTP/1.1" 200 75
::1 - - [05/Dec/2023:13:43:12 +0700] "GET /api/v1.0/crawling/status HTTP/1.1" 200 75
::1 - - [05/Dec/2023:13:43:13 +0700] "GET /api/v1.0/page_ranking/status HTTP/1.1" 200 18
::1 - - [05/Dec/2023:13:43:13 +0700] "GET /api/v1.0/document_ranking/status HTTP/1.1" 200 18
::1 - - [05/Dec/2023:13:43:13 +0700] "GET /api/v1.0/crawling/status HTTP/1.1" 200 75
::1 - - [05/Dec/2023:13:43:14 +0700] "GET /api/v1.0/crawling/status HTTP/1.1" 200 75
::1 - - [05/Dec/2023:13:43:15 +0700] "GET /api/v1.0/document_ranking/status HTTP/1.1" 200 18
::1 - - [05/Dec/2023:13:43:15 +0700] "GET /api/v1.0/crawling/status HTTP/1.1" 200 75
::1 - - [05/Dec/2023:13:43:16 +0700] "GET /api/v1.0/page_ranking/status HTTP/1.1" 200 18
::1 - - [05/Dec/2023:13:43:16 +0700] "GET /api/v1.0/crawling/status HTTP/1.1" 200 75
::1 - - [05/Dec/2023:13:43:17 +0700] "GET /api/v1.0/document_ranking/status HTTP/1.1" 200 18
::1 - - [05/Dec/2023:13:43:17 +0700] "GET /api/v1.0/crawling/status HTTP/1.1" 200 75
::1 - - [05/Dec/2023:13:43:18 +0700] "GET /api/v1.0/crawling/status HTTP/1.1" 200 75
::1 - - [05/Dec/2023:13:43:19 +0700] "GET /api/v1.0/page_ranking/status HTTP/1.1" 200 18
::1 - - [05/Dec/2023:13:43:19 +0700] "GET /api/v1.0/document_ranking/status HTTP/1.1" 200 18
::1 - - [05/Dec/2023:13:43:19 +0700] "GET /api/v1.0/crawling/status HTTP/1.1" 200 75
::1 - - [05/Dec/2023:13:43:20 +0700] "GET /api/v1.0/crawling/status HTTP/1.1" 200 75
::1 - - [05/Dec/2023:13:43:21 +0700] "GET /api/v1.0/document_ranking/status HTTP/1.1" 200 18
::1 - - [05/Dec/2023:13:43:21 +0700] "GET /api/v1.0/crawling/status HTTP/1.1" 200 75
::1 - - [05/Dec/2023:13:43:22 +0700] "GET /api/v1.0/page_ranking/status HTTP/1.1" 200 18
::1 - - [05/Dec/2023:13:43:22 +0700] "GET /api/v1.0/crawling/status HTTP/1.1" 200 75
::1 - - [05/Dec/2023:13:43:23 +0700] "GET /api/v1.0/document_ranking/status HTTP/1.1" 200 18
::1 - - [05/Dec/2023:13:43:23 +0700] "GET /api/v1.0/crawling/status HTTP/1.1" 200 75
::1 - - [05/Dec/2023:13:43:24 +0700] "GET /api/v1.0/crawling/status HTTP/1.1" 200 75
::1 - - [05/Dec/2023:13:43:25 +0700] "GET /api/v1.0/page_ranking/status HTTP/1.1" 200 18
::1 - - [05/Dec/2023:13:43:25 +0700] "GET /api/v1.0/document_ranking/status HTTP/1.1" 200 18
::1 - - [05/Dec/2023:13:43:25 +0700] "GET /api/v1.0/crawling/status HTTP/1.1" 200 75
::1 - - [05/Dec/2023:13:43:26 +0700] "GET /api/v1.0/crawling/status HTTP/1.1" 200 75
::1 - - [05/Dec/2023:13:43:27 +0700] "GET /api/v1.0/document_ranking/status HTTP/1.1" 200 18
::1 - - [05/Dec/2023:13:43:27 +0700] "GET /api/v1.0/crawling/status HTTP/1.1" 200 75
::1 - - [05/Dec/2023:13:43:28 +0700] "GET /api/v1.0/page_ranking/status HTTP/1.1" 200 18
::1 - - [05/Dec/2023:13:43:28 +0700] "GET /api/v1.0/crawling/status HTTP/1.1" 200 75
::1 - - [05/Dec/2023:13:43:29 +0700] "GET /api/v1.0/document_ranking/status HTTP/1.1" 200 18
::1 - - [05/Dec/2023:13:43:29 +0700] "GET /api/v1.0/crawling/status HTTP/1.1" 200 75
::1 - - [05/Dec/2023:13:43:30 +0700] "GET /api/v1.0/crawling/status HTTP/1.1" 200 75
::1 - - [05/Dec/2023:13:43:31 +0700] "GET /api/v1.0/page_ranking/status HTTP/1.1" 200 18
::1 - - [05/Dec/2023:13:43:31 +0700] "GET /api/v1.0/document_ranking/status HTTP/1.1" 200 18
::1 - - [05/Dec/2023:13:43:32 +0700] "GET /api/v1.0/crawling/status HTTP/1.1" 200 75
::1 - - [05/Dec/2023:13:43:33 +0700] "GET /api/v1.0/crawling/status HTTP/1.1" 200 75
::1 - - [05/Dec/2023:13:43:33 +0700] "GET /api/v1.0/document_ranking/status HTTP/1.1" 200 18
::1 - - [05/Dec/2023:13:43:34 +0700] "GET /api/v1.0/crawling/status HTTP/1.1" 200 75
::1 - - [05/Dec/2023:13:43:34 +0700] "GET /api/v1.0/page_ranking/status HTTP/1.1" 200 18
::1 - - [05/Dec/2023:13:43:35 +0700] "GET /api/v1.0/crawling/status HTTP/1.1" 200 75
::1 - - [05/Dec/2023:13:43:35 +0700] "GET /api/v1.0/document_ranking/status HTTP/1.1" 200 18
::1 - - [05/Dec/2023:13:43:36 +0700] "GET /api/v1.0/crawling/status HTTP/1.1" 200 75
::1 - - [05/Dec/2023:13:43:37 +0700] "GET /api/v1.0/crawling/status HTTP/1.1" 200 75
::1 - - [05/Dec/2023:13:43:37 +0700] "GET /api/v1.0/page_ranking/status HTTP/1.1" 200 18
::1 - - [05/Dec/2023:13:43:37 +0700] "GET /api/v1.0/document_ranking/status HTTP/1.1" 200 18
::1 - - [05/Dec/2023:13:43:38 +0700] "GET /api/v1.0/crawling/status HTTP/1.1" 200 75
::1 - - [05/Dec/2023:13:43:39 +0700] "GET /api/v1.0/crawling/status HTTP/1.1" 200 75
::1 - - [05/Dec/2023:13:43:39 +0700] "GET /api/v1.0/document_ranking/status HTTP/1.1" 200 18
::1 - - [05/Dec/2023:13:43:40 +0700] "GET /api/v1.0/crawling/status HTTP/1.1" 200 75
::1 - - [05/Dec/2023:13:43:40 +0700] "GET /api/v1.0/page_ranking/status HTTP/1.1" 200 18
::1 - - [05/Dec/2023:13:43:41 +0700] "GET /api/v1.0/crawling/status HTTP/1.1" 200 75
::1 - - [05/Dec/2023:13:43:41 +0700] "GET /api/v1.0/document_ranking/status HTTP/1.1" 200 18
::1 - - [05/Dec/2023:13:43:42 +0700] "GET /api/v1.0/crawling/status HTTP/1.1" 200 75
::1 - - [05/Dec/2023:13:43:43 +0700] "GET /api/v1.0/crawling/status HTTP/1.1" 200 75
::1 - - [05/Dec/2023:13:43:43 +0700] "GET /api/v1.0/page_ranking/status HTTP/1.1" 200 18
::1 - - [05/Dec/2023:13:43:43 +0700] "GET /api/v1.0/document_ranking/status HTTP/1.1" 200 18
::1 - - [05/Dec/2023:13:43:44 +0700] "GET /api/v1.0/crawling/status HTTP/1.1" 200 75
::1 - - [05/Dec/2023:13:43:45 +0700] "GET /api/v1.0/crawling/status HTTP/1.1" 200 75
::1 - - [05/Dec/2023:13:43:45 +0700] "GET /api/v1.0/document_ranking/status HTTP/1.1" 200 18
::1 - - [05/Dec/2023:13:43:46 +0700] "GET /api/v1.0/crawling/status HTTP/1.1" 200 75
::1 - - [05/Dec/2023:13:43:46 +0700] "GET /api/v1.0/page_ranking/status HTTP/1.1" 200 18
::1 - - [05/Dec/2023:13:43:47 +0700] "GET /api/v1.0/crawling/status HTTP/1.1" 200 75
::1 - - [05/Dec/2023:13:43:47 +0700] "GET /api/v1.0/document_ranking/status HTTP/1.1" 200 18
::1 - - [05/Dec/2023:13:43:48 +0700] "GET /api/v1.0/crawling/status HTTP/1.1" 200 75
::1 - - [05/Dec/2023:13:43:49 +0700] "GET /api/v1.0/crawling/status HTTP/1.1" 200 75
::1 - - [05/Dec/2023:13:43:49 +0700] "GET /api/v1.0/page_ranking/status HTTP/1.1" 200 18
::1 - - [05/Dec/2023:13:43:49 +0700] "GET /api/v1.0/document_ranking/status HTTP/1.1" 200 18
::1 - - [05/Dec/2023:13:43:50 +0700] "GET /api/v1.0/crawling/status HTTP/1.1" 200 75
::1 - - [05/Dec/2023:13:43:51 +0700] "GET /api/v1.0/crawling/status HTTP/1.1" 200 75
::1 - - [05/Dec/2023:13:43:51 +0700] "GET /api/v1.0/document_ranking/status HTTP/1.1" 200 18
::1 - - [05/Dec/2023:13:43:52 +0700] "GET /api/v1.0/crawling/status HTTP/1.1" 200 75
::1 - - [05/Dec/2023:13:43:52 +0700] "GET /api/v1.0/page_ranking/status HTTP/1.1" 200 18
::1 - - [05/Dec/2023:13:43:53 +0700] "GET /api/v1.0/crawling/status HTTP/1.1" 200 75
::1 - - [05/Dec/2023:13:43:53 +0700] "GET /api/v1.0/document_ranking/status HTTP/1.1" 200 18
::1 - - [05/Dec/2023:13:43:54 +0700] "GET /api/v1.0/crawling/status HTTP/1.1" 200 75
::1 - - [05/Dec/2023:13:43:55 +0700] "GET /api/v1.0/crawling/status HTTP/1.1" 200 75
::1 - - [05/Dec/2023:13:43:55 +0700] "GET /api/v1.0/page_ranking/status HTTP/1.1" 200 18
::1 - - [05/Dec/2023:13:43:55 +0700] "GET /api/v1.0/document_ranking/status HTTP/1.1" 200 18
::1 - - [05/Dec/2023:13:43:56 +0700] "GET /api/v1.0/crawling/status HTTP/1.1" 200 75
::1 - - [05/Dec/2023:13:43:57 +0700] "GET /api/v1.0/crawling/status HTTP/1.1" 200 75
::1 - - [05/Dec/2023:13:43:57 +0700] "GET /api/v1.0/document_ranking/status HTTP/1.1" 200 18
::1 - - [05/Dec/2023:13:43:58 +0700] "GET /api/v1.0/crawling/status HTTP/1.1" 200 75
::1 - - [05/Dec/2023:13:43:58 +0700] "GET /api/v1.0/page_ranking/status HTTP/1.1" 200 18
::1 - - [05/Dec/2023:13:43:59 +0700] "GET /api/v1.0/crawling/status HTTP/1.1" 200 75
::1 - - [05/Dec/2023:13:43:59 +0700] "GET /api/v1.0/document_ranking/status HTTP/1.1" 200 18
::1 - - [05/Dec/2023:13:44:00 +0700] "GET /api/v1.0/crawling/status HTTP/1.1" 200 75
::1 - - [05/Dec/2023:13:44:01 +0700] "GET /api/v1.0/crawling/status HTTP/1.1" 200 75
::1 - - [05/Dec/2023:13:44:01 +0700] "GET /api/v1.0/page_ranking/status HTTP/1.1" 200 18
::1 - - [05/Dec/2023:13:44:01 +0700] "GET /api/v1.0/document_ranking/status HTTP/1.1" 200 18
::1 - - [05/Dec/2023:13:44:02 +0700] "GET /api/v1.0/crawling/status HTTP/1.1" 200 75
::1 - - [05/Dec/2023:13:44:03 +0700] "GET /api/v1.0/crawling/status HTTP/1.1" 200 75
::1 - - [05/Dec/2023:13:44:03 +0700] "GET /api/v1.0/document_ranking/status HTTP/1.1" 200 18
::1 - - [05/Dec/2023:13:44:04 +0700] "GET /api/v1.0/page_ranking/status HTTP/1.1" 200 18
::1 - - [05/Dec/2023:13:44:04 +0700] "GET /api/v1.0/crawling/status HTTP/1.1" 200 75
::1 - - [05/Dec/2023:13:44:05 +0700] "GET /api/v1.0/crawling/status HTTP/1.1" 200 75
::1 - - [05/Dec/2023:13:44:05 +0700] "GET /api/v1.0/document_ranking/status HTTP/1.1" 200 18
::1 - - [05/Dec/2023:13:44:06 +0700] "GET /api/v1.0/crawling/status HTTP/1.1" 200 75
::1 - - [05/Dec/2023:13:44:07 +0700] "GET /api/v1.0/page_ranking/status HTTP/1.1" 200 18
::1 - - [05/Dec/2023:13:44:07 +0700] "GET /api/v1.0/crawling/status HTTP/1.1" 200 75
::1 - - [05/Dec/2023:13:44:07 +0700] "GET /api/v1.0/document_ranking/status HTTP/1.1" 200 18
::1 - - [05/Dec/2023:13:44:08 +0700] "GET /api/v1.0/crawling/status HTTP/1.1" 200 75
::1 - - [05/Dec/2023:13:44:09 +0700] "GET /api/v1.0/crawling/status HTTP/1.1" 200 75
::1 - - [05/Dec/2023:13:44:09 +0700] "GET /api/v1.0/document_ranking/status HTTP/1.1" 200 18
::1 - - [05/Dec/2023:13:44:10 +0700] "GET /api/v1.0/page_ranking/status HTTP/1.1" 200 18
::1 - - [05/Dec/2023:13:44:10 +0700] "GET /api/v1.0/crawling/status HTTP/1.1" 200 75
::1 - - [05/Dec/2023:13:44:11 +0700] "GET /api/v1.0/crawling/status HTTP/1.1" 200 75
::1 - - [05/Dec/2023:13:44:11 +0700] "GET /api/v1.0/document_ranking/status HTTP/1.1" 200 18
::1 - - [05/Dec/2023:13:44:12 +0700] "GET /api/v1.0/crawling/status HTTP/1.1" 200 75
::1 - - [05/Dec/2023:13:44:13 +0700] "GET /api/v1.0/page_ranking/status HTTP/1.1" 200 18
::1 - - [05/Dec/2023:13:44:13 +0700] "GET /api/v1.0/crawling/status HTTP/1.1" 200 75
::1 - - [05/Dec/2023:13:44:13 +0700] "GET /api/v1.0/document_ranking/status HTTP/1.1" 200 18
::1 - - [05/Dec/2023:13:44:14 +0700] "GET /api/v1.0/crawling/status HTTP/1.1" 200 75
::1 - - [05/Dec/2023:13:44:15 +0700] "GET /api/v1.0/crawling/status HTTP/1.1" 200 75
::1 - - [05/Dec/2023:13:44:16 +0700] "GET /api/v1.0/document_ranking/status HTTP/1.1" 200 18
::1 - - [05/Dec/2023:13:44:16 +0700] "GET /api/v1.0/page_ranking/status HTTP/1.1" 200 18
::1 - - [05/Dec/2023:13:44:16 +0700] "GET /api/v1.0/crawling/status HTTP/1.1" 200 75
::1 - - [05/Dec/2023:13:44:17 +0700] "GET /api/v1.0/crawling/status HTTP/1.1" 200 75
::1 - - [05/Dec/2023:13:44:18 +0700] "GET /api/v1.0/document_ranking/status HTTP/1.1" 200 18
::1 - - [05/Dec/2023:13:44:18 +0700] "GET /api/v1.0/crawling/status HTTP/1.1" 200 75
::1 - - [05/Dec/2023:13:44:19 +0700] "GET /api/v1.0/page_ranking/status HTTP/1.1" 200 18
::1 - - [05/Dec/2023:13:44:19 +0700] "GET /api/v1.0/crawling/status HTTP/1.1" 200 75
::1 - - [05/Dec/2023:13:44:20 +0700] "GET /api/v1.0/document_ranking/status HTTP/1.1" 200 18
::1 - - [05/Dec/2023:13:44:21 +0700] "GET /api/v1.0/crawling/status HTTP/1.1" 200 75
::1 - - [05/Dec/2023:13:44:21 +0700] "GET /api/v1.0/page_ranking/status HTTP/1.1" 200 18
::1 - - [05/Dec/2023:13:44:21 +0700] "GET /api/v1.0/crawling/specs HTTP/1.1" 200 21
::1 - - [05/Dec/2023:13:44:21 +0700] "GET /api/v1.0/crawling/status HTTP/1.1" 200 75
::1 - - [05/Dec/2023:13:44:21 +0700] "GET /api/v1.0/accounts/me HTTP/1.1" 200 123
::1 - - [05/Dec/2023:13:44:21 +0700] "GET /api/v1.0/analytics/top_searched_words?start=0&limit=10 HTTP/1.1" 200 333
::1 - - [05/Dec/2023:13:44:21 +0700] "GET /api/v1.0/document_ranking/status HTTP/1.1" 200 18
::1 - - [05/Dec/2023:13:44:21 +0700] "GET /api/v1.0/page_ranking/metrics HTTP/1.1" 200 61
::1 - - [05/Dec/2023:13:44:21 +0700] "GET /api/v1.0/webpages/?query=&limit=20&start=0&sort_pagerank_score=DESC HTTP/1.1" 200 4109
::1 - - [05/Dec/2023:13:44:21 +0700] "GET /api/v1.0/crawling/metrics HTTP/1.1" 200 1013
::1 - - [05/Dec/2023:13:44:21 +0700] "GET /api/v1.0/words/?start=0&limit=20 HTTP/1.1" 200 2085
::1 - - [05/Dec/2023:13:44:22 +0700] "GET /api/v1.0/webpages/?query=&limit=20&start=0&sort_pagerank_score=DESC HTTP/1.1" 200 4109
::1 - - [05/Dec/2023:13:45:06 +0700] "GET /api/v1.0/accounts/me HTTP/1.1" 500 659
::1 - - [05/Dec/2023:13:45:06 +0700] "GET /api/v1.0/page_ranking/metrics HTTP/1.1" 500 659
::1 - - [05/Dec/2023:13:45:06 +0700] "GET /api/v1.0/page_ranking/status HTTP/1.1" 500 659
::1 - - [05/Dec/2023:13:45:06 +0700] "GET /api/v1.0/webpages/?query=&limit=20&start=0&sort_pagerank_score=DESC HTTP/1.1" 500 659
::1 - - [05/Dec/2023:13:45:06 +0700] "GET /api/v1.0/crawling/metrics HTTP/1.1" 500 659
::1 - - [05/Dec/2023:13:45:06 +0700] "GET /api/v1.0/crawling/specs HTTP/1.1" 500 659
::1 - - [05/Dec/2023:13:45:07 +0700] "GET /api/v1.0/crawling/status HTTP/1.1" 500 659
::1 - - [05/Dec/2023:13:45:07 +0700] "GET /api/v1.0/analytics/top_searched_words?start=0&limit=10 HTTP/1.1" 500 659
::1 - - [05/Dec/2023:13:45:07 +0700] "GET /api/v1.0/words/?start=0&limit=20 HTTP/1.1" 500 659
::1 - - [05/Dec/2023:13:45:07 +0700] "GET /api/v1.0/document_ranking/status HTTP/1.1" 500 659
::1 - - [05/Dec/2023:13:45:07 +0700] "GET /api/v1.0/webpages/?query=&limit=20&start=0&sort_pagerank_score=DESC HTTP/1.1" 500 659
::1 - - [05/Dec/2023:13:45:08 +0700] "GET /api/v1.0/accounts/me HTTP/1.1" 500 659
::1 - - [05/Dec/2023:13:45:08 +0700] "GET /api/v1.0/page_ranking/metrics HTTP/1.1" 500 659
::1 - - [05/Dec/2023:13:45:08 +0700] "GET /api/v1.0/page_ranking/status HTTP/1.1" 500 659
::1 - - [05/Dec/2023:13:45:08 +0700] "GET /api/v1.0/webpages/?query=&limit=20&start=0&sort_pagerank_score=DESC HTTP/1.1" 500 659
::1 - - [05/Dec/2023:13:45:08 +0700] "GET /api/v1.0/crawling/metrics HTTP/1.1" 500 659
::1 - - [05/Dec/2023:13:45:08 +0700] "GET /api/v1.0/crawling/specs HTTP/1.1" 500 659
::1 - - [05/Dec/2023:13:45:08 +0700] "GET /api/v1.0/crawling/status HTTP/1.1" 500 659
::1 - - [05/Dec/2023:13:45:08 +0700] "GET /api/v1.0/analytics/top_searched_words?start=0&limit=10 HTTP/1.1" 500 659
::1 - - [05/Dec/2023:13:45:08 +0700] "GET /api/v1.0/words/?start=0&limit=20 HTTP/1.1" 500 659
::1 - - [05/Dec/2023:13:45:08 +0700] "GET /api/v1.0/document_ranking/status HTTP/1.1" 500 659
::1 - - [05/Dec/2023:13:45:08 +0700] "GET /api/v1.0/webpages/?query=&limit=20&start=0&sort_pagerank_score=DESC HTTP/1.1" 500 659
::1 - - [05/Dec/2023:13:45:08 +0700] "GET / HTTP/1.1" 500 659
::1 - - [05/Dec/2023:13:45:41 +0700] "GET /dashboard HTTP/1.1" 500 659
::1 - - [05/Dec/2023:13:45:45 +0700] "GET /dashboard HTTP/1.1" 500 659
::1 - - [05/Dec/2023:13:45:46 +0700] "GET /dashboard HTTP/1.1" 500 659
::1 - - [05/Dec/2023:13:45:46 +0700] "GET /dashboard HTTP/1.1" 500 659
::1 - - [05/Dec/2023:13:45:48 +0700] "GET / HTTP/1.1" 500 659
